{"D:\\web\\vue3-json-schema-form\\lib\\SchemaForm.tsx": {"path":"D:\\web\\vue3-json-schema-form\\lib\\SchemaForm.tsx","statementMap":{"0":{"start":{"line":1,"column":0},"end":{"line":1,"column":null}},"1":{"start":{"line":12,"column":0},"end":{"line":12,"column":null}},"2":{"start":{"line":21,"column":0},"end":{"line":21,"column":null}},"3":{"start":{"line":22,"column":0},"end":{"line":22,"column":null}},"4":{"start":{"line":23,"column":0},"end":{"line":23,"column":null}},"5":{"start":{"line":32,"column":35},"end":{"line":32,"column":null}},"6":{"start":{"line":37,"column":15},"end":{"line":37,"column":31}},"7":{"start":{"line":75,"column":30},"end":{"line":77,"column":null}},"8":{"start":{"line":76,"column":12},"end":{"line":76,"column":17}},"9":{"start":{"line":79,"column":29},"end":{"line":79,"column":38}},"10":{"start":{"line":80,"column":12},"end":{"line":88,"column":null}},"11":{"start":{"line":81,"column":38},"end":{"line":83,"column":23}},"12":{"start":{"line":84,"column":16},"end":{"line":84,"column":23}},"13":{"start":{"line":85,"column":20},"end":{"line":85,"column":26}},"14":{"start":{"line":86,"column":20},"end":{"line":86,"column":27}},"15":{"start":{"line":89,"column":12},"end":{"line":89,"column":19}},"16":{"start":{"line":92,"column":35},"end":{"line":92,"column":44}},"17":{"start":{"line":93,"column":12},"end":{"line":106,"column":null}},"18":{"start":{"line":94,"column":39},"end":{"line":96,"column":23}},"19":{"start":{"line":97,"column":16},"end":{"line":97,"column":23}},"20":{"start":{"line":98,"column":36},"end":{"line":98,"column":null}},"21":{"start":{"line":99,"column":20},"end":{"line":99,"column":34}},"22":{"start":{"line":100,"column":24},"end":{"line":102,"column":null}},"23":{"start":{"line":101,"column":28},"end":{"line":101,"column":37}},"24":{"start":{"line":104,"column":20},"end":{"line":104,"column":27}},"25":{"start":{"line":107,"column":12},"end":{"line":107,"column":19}},"26":{"start":{"line":107,"column":34},"end":{"line":107,"column":null}},"27":{"start":{"line":110,"column":29},"end":{"line":110,"column":null}},"28":{"start":{"line":115,"column":8},"end":{"line":115,"column":16}},"29":{"start":{"line":116,"column":49},"end":{"line":116,"column":60}},"30":{"start":{"line":118,"column":39},"end":{"line":118,"column":null}},"31":{"start":{"line":119,"column":8},"end":{"line":119,"column":20}},"32":{"start":{"line":120,"column":12},"end":{"line":120,"column":24}},"33":{"start":{"line":125,"column":12},"end":{"line":132,"column":null}},"34":{"start":{"line":126,"column":38},"end":{"line":128,"column":23}},"35":{"start":{"line":129,"column":16},"end":{"line":129,"column":29}},"36":{"start":{"line":130,"column":20},"end":{"line":130,"column":32}},"37":{"start":{"line":134,"column":12},"end":{"line":142,"column":null}},"38":{"start":{"line":135,"column":39},"end":{"line":137,"column":23}},"39":{"start":{"line":138,"column":16},"end":{"line":138,"column":30}},"40":{"start":{"line":140,"column":20},"end":{"line":140,"column":32}},"41":{"start":{"line":145,"column":35},"end":{"line":145,"column":null}},"42":{"start":{"line":146,"column":30},"end":{"line":146,"column":34}},"43":{"start":{"line":148,"column":8},"end":{"line":148,"column":null}},"44":{"start":{"line":149,"column":18},"end":{"line":149,"column":null}},"45":{"start":{"line":151,"column":16},"end":{"line":153,"column":null}},"46":{"start":{"line":152,"column":20},"end":{"line":152,"column":null}},"47":{"start":{"line":159,"column":12},"end":{"line":159,"column":19}},"48":{"start":{"line":160,"column":27},"end":{"line":160,"column":null}},"49":{"start":{"line":161,"column":27},"end":{"line":161,"column":null}},"50":{"start":{"line":169,"column":12},"end":{"line":169,"column":null}},"51":{"start":{"line":169,"column":47},"end":{"line":169,"column":null}},"52":{"start":{"line":170,"column":12},"end":{"line":170,"column":19}},"53":{"start":{"line":172,"column":12},"end":{"line":172,"column":26}},"54":{"start":{"line":173,"column":12},"end":{"line":173,"column":30}},"55":{"start":{"line":174,"column":12},"end":{"line":174,"column":30}},"56":{"start":{"line":177,"column":8},"end":{"line":177,"column":null}},"57":{"start":{"line":178,"column":18},"end":{"line":178,"column":null}},"58":{"start":{"line":180,"column":16},"end":{"line":189,"column":null}},"59":{"start":{"line":181,"column":20},"end":{"line":181,"column":25}},"60":{"start":{"line":183,"column":28},"end":{"line":183,"column":35}},"61":{"start":{"line":184,"column":32},"end":{"line":184,"column":50}},"62":{"start":{"line":185,"column":32},"end":{"line":185,"column":null}},"63":{"start":{"line":196,"column":8},"end":{"line":196,"column":15}},"64":{"start":{"line":197,"column":48},"end":{"line":197,"column":null}},"65":{"start":{"line":199,"column":12},"end":{"line":199,"column":null}}},"fnMap":{"0":{"name":"(anonymous_0)","decl":{"start":{"line":74,"column":4},"end":{"line":74,"column":9}},"loc":{"start":{"line":74,"column":15},"end":{"line":210,"column":null}}},"1":{"name":"(anonymous_1)","decl":{"start":{"line":75,"column":30},"end":{"line":75,"column":40}},"loc":{"start":{"line":75,"column":40},"end":{"line":77,"column":null}}},"2":{"name":"(anonymous_2)","decl":{"start":{"line":79,"column":38},"end":{"line":79,"column":43}},"loc":{"start":{"line":79,"column":43},"end":{"line":90,"column":null}}},"3":{"name":"(anonymous_3)","decl":{"start":{"line":84,"column":44},"end":{"line":84,"column":45}},"loc":{"start":{"line":84,"column":63},"end":{"line":87,"column":19}}},"4":{"name":"(anonymous_4)","decl":{"start":{"line":92,"column":44},"end":{"line":92,"column":49}},"loc":{"start":{"line":92,"column":49},"end":{"line":108,"column":null}}},"5":{"name":"(anonymous_5)","decl":{"start":{"line":97,"column":24},"end":{"line":97,"column":42}},"loc":{"start":{"line":97,"column":42},"end":{"line":105,"column":null}}},"6":{"name":"(anonymous_6)","decl":{"start":{"line":99,"column":43},"end":{"line":99,"column":50}},"loc":{"start":{"line":99,"column":53},"end":{"line":103,"column":null}}},"7":{"name":"(anonymous_7)","decl":{"start":{"line":107,"column":20},"end":{"line":107,"column":34}},"loc":{"start":{"line":107,"column":34},"end":{"line":107,"column":null}}},"8":{"name":"(anonymous_8)","decl":{"start":{"line":119,"column":20},"end":{"line":119,"column":25}},"loc":{"start":{"line":119,"column":25},"end":{"line":143,"column":null}}},"9":{"name":"(anonymous_9)","decl":{"start":{"line":129,"column":38},"end":{"line":129,"column":44}},"loc":{"start":{"line":129,"column":47},"end":{"line":131,"column":null}}},"10":{"name":"(anonymous_10)","decl":{"start":{"line":138,"column":39},"end":{"line":138,"column":46}},"loc":{"start":{"line":138,"column":49},"end":{"line":141,"column":null}}},"11":{"name":"(anonymous_11)","decl":{"start":{"line":149,"column":12},"end":{"line":149,"column":18}},"loc":{"start":{"line":149,"column":18},"end":{"line":149,"column":null}}},"12":{"name":"(anonymous_12)","decl":{"start":{"line":150,"column":12},"end":{"line":150,"column":17}},"loc":{"start":{"line":150,"column":17},"end":{"line":154,"column":null}}},"13":{"name":"doValidate","decl":{"start":{"line":158,"column":23},"end":{"line":158,"column":33}},"loc":{"start":{"line":158,"column":33},"end":{"line":175,"column":null}}},"14":{"name":"(anonymous_14)","decl":{"start":{"line":178,"column":12},"end":{"line":178,"column":18}},"loc":{"start":{"line":178,"column":18},"end":{"line":178,"column":null}}},"15":{"name":"(anonymous_15)","decl":{"start":{"line":179,"column":12},"end":{"line":179,"column":17}},"loc":{"start":{"line":179,"column":17},"end":{"line":190,"column":null}}},"16":{"name":"(anonymous_16)","decl":{"start":{"line":182,"column":24},"end":{"line":182,"column":34}},"loc":{"start":{"line":182,"column":34},"end":{"line":187,"column":null}}},"17":{"name":"(anonymous_17)","decl":{"start":{"line":183,"column":47},"end":{"line":183,"column":54}},"loc":{"start":{"line":183,"column":57},"end":{"line":186,"column":null}}},"18":{"name":"(anonymous_18)","decl":{"start":{"line":196,"column":15},"end":{"line":196,"column":20}},"loc":{"start":{"line":196,"column":20},"end":{"line":209,"column":null}}}},"branchMap":{"0":{"loc":{"start":{"line":80,"column":12},"end":{"line":88,"column":null}},"type":"if","locations":[{"start":{"line":80,"column":12},"end":{"line":88,"column":null}},{"start":{"line":80,"column":12},"end":{"line":88,"column":null}}]},"1":{"loc":{"start":{"line":82,"column":22},"end":{"line":82,"column":null}},"type":"cond-expr","locations":[{"start":{"line":82,"column":22},"end":{"line":82,"column":null}},{"start":{"line":83,"column":22},"end":{"line":83,"column":23}}]},"2":{"loc":{"start":{"line":93,"column":12},"end":{"line":106,"column":null}},"type":"if","locations":[{"start":{"line":93,"column":12},"end":{"line":106,"column":null}},{"start":{"line":93,"column":12},"end":{"line":106,"column":null}}]},"3":{"loc":{"start":{"line":95,"column":22},"end":{"line":95,"column":null}},"type":"cond-expr","locations":[{"start":{"line":95,"column":22},"end":{"line":95,"column":null}},{"start":{"line":96,"column":22},"end":{"line":96,"column":23}}]},"4":{"loc":{"start":{"line":100,"column":24},"end":{"line":102,"column":null}},"type":"if","locations":[{"start":{"line":100,"column":24},"end":{"line":102,"column":null}},{"start":{"line":100,"column":24},"end":{"line":102,"column":null}}]},"5":{"loc":{"start":{"line":125,"column":12},"end":{"line":132,"column":null}},"type":"if","locations":[{"start":{"line":125,"column":12},"end":{"line":132,"column":null}},{"start":{"line":125,"column":12},"end":{"line":132,"column":null}}]},"6":{"loc":{"start":{"line":127,"column":22},"end":{"line":127,"column":null}},"type":"cond-expr","locations":[{"start":{"line":127,"column":22},"end":{"line":127,"column":null}},{"start":{"line":128,"column":22},"end":{"line":128,"column":23}}]},"7":{"loc":{"start":{"line":134,"column":12},"end":{"line":142,"column":null}},"type":"if","locations":[{"start":{"line":134,"column":12},"end":{"line":142,"column":null}},{"start":{"line":134,"column":12},"end":{"line":142,"column":null}}]},"8":{"loc":{"start":{"line":136,"column":22},"end":{"line":136,"column":null}},"type":"cond-expr","locations":[{"start":{"line":136,"column":22},"end":{"line":136,"column":null}},{"start":{"line":137,"column":22},"end":{"line":137,"column":23}}]},"9":{"loc":{"start":{"line":151,"column":16},"end":{"line":153,"column":null}},"type":"if","locations":[{"start":{"line":151,"column":16},"end":{"line":153,"column":null}},{"start":{"line":151,"column":16},"end":{"line":153,"column":null}}]},"10":{"loc":{"start":{"line":169,"column":12},"end":{"line":169,"column":null}},"type":"if","locations":[{"start":{"line":169,"column":12},"end":{"line":169,"column":null}},{"start":{"line":169,"column":12},"end":{"line":169,"column":null}}]},"11":{"loc":{"start":{"line":180,"column":16},"end":{"line":189,"column":null}},"type":"if","locations":[{"start":{"line":180,"column":16},"end":{"line":189,"column":null}},{"start":{"line":180,"column":16},"end":{"line":189,"column":null}}]},"12":{"loc":{"start":{"line":202,"column":30},"end":{"line":202,"column":38}},"type":"binary-expr","locations":[{"start":{"line":202,"column":30},"end":{"line":202,"column":38}},{"start":{"line":202,"column":42},"end":{"line":202,"column":null}}]},"13":{"loc":{"start":{"line":206,"column":33},"end":{"line":206,"column":57}},"type":"binary-expr","locations":[{"start":{"line":206,"column":33},"end":{"line":206,"column":57}},{"start":{"line":206,"column":57},"end":{"line":206,"column":null}}]}},"s":{"0":3,"1":3,"2":3,"3":3,"4":3,"5":3,"6":3,"7":8,"8":5,"9":8,"10":0,"11":0,"12":0,"13":0,"14":0,"15":0,"16":8,"17":8,"18":0,"19":0,"20":0,"21":0,"22":0,"23":0,"24":0,"25":8,"26":22,"27":8,"28":8,"29":8,"30":8,"31":8,"32":8,"33":8,"34":0,"35":0,"36":0,"37":8,"38":0,"39":0,"40":0,"41":8,"42":8,"43":8,"44":10,"45":2,"46":0,"47":0,"48":0,"49":0,"50":0,"51":0,"52":0,"53":0,"54":0,"55":0,"56":8,"57":8,"58":8,"59":0,"60":0,"61":0,"62":0,"63":8,"64":8,"65":8},"f":{"0":8,"1":5,"2":0,"3":0,"4":8,"5":0,"6":0,"7":22,"8":8,"9":0,"10":0,"11":10,"12":2,"13":0,"14":8,"15":8,"16":0,"17":0,"18":8},"b":{"0":[0,0],"1":[0,0],"2":[0,8],"3":[0,0],"4":[0,0],"5":[0,8],"6":[0,0],"7":[0,8],"8":[0,0],"9":[0,2],"10":[0,0],"11":[0,8],"12":[8,8],"13":[8,0]}}
,"D:\\web\\vue3-json-schema-form\\lib\\SchemaItem.tsx": {"path":"D:\\web\\vue3-json-schema-form\\lib\\SchemaItem.tsx","statementMap":{"0":{"start":{"line":1,"column":0},"end":{"line":1,"column":null}},"1":{"start":{"line":3,"column":0},"end":{"line":3,"column":null}},"2":{"start":{"line":4,"column":0},"end":{"line":4,"column":null}},"3":{"start":{"line":5,"column":0},"end":{"line":5,"column":null}},"4":{"start":{"line":6,"column":0},"end":{"line":6,"column":null}},"5":{"start":{"line":7,"column":0},"end":{"line":7,"column":null}},"6":{"start":{"line":8,"column":0},"end":{"line":8,"column":null}},"7":{"start":{"line":9,"column":0},"end":{"line":9,"column":null}},"8":{"start":{"line":11,"column":15},"end":{"line":11,"column":31}},"9":{"start":{"line":15,"column":28},"end":{"line":15,"column":null}},"10":{"start":{"line":17,"column":35},"end":{"line":17,"column":44}},"11":{"start":{"line":18,"column":50},"end":{"line":18,"column":null}},"12":{"start":{"line":19,"column":12},"end":{"line":19,"column":19}},"13":{"start":{"line":24,"column":8},"end":{"line":24,"column":15}},"14":{"start":{"line":25,"column":31},"end":{"line":25,"column":null}},"15":{"start":{"line":26,"column":36},"end":{"line":26,"column":null}},"16":{"start":{"line":30,"column":25},"end":{"line":30,"column":null}},"17":{"start":{"line":32,"column":12},"end":{"line":32,"column":20}},"18":{"start":{"line":34,"column":20},"end":{"line":34,"column":29}},"19":{"start":{"line":35,"column":20},"end":{"line":35,"column":null}},"20":{"start":{"line":37,"column":20},"end":{"line":37,"column":29}},"21":{"start":{"line":38,"column":20},"end":{"line":38,"column":null}},"22":{"start":{"line":40,"column":20},"end":{"line":40,"column":29}},"23":{"start":{"line":41,"column":20},"end":{"line":41,"column":null}},"24":{"start":{"line":43,"column":20},"end":{"line":43,"column":29}},"25":{"start":{"line":44,"column":20},"end":{"line":44,"column":null}},"26":{"start":{"line":46,"column":20},"end":{"line":46,"column":27}},"27":{"start":{"line":48,"column":12},"end":{"line":48,"column":34}}},"fnMap":{"0":{"name":"(anonymous_0)","decl":{"start":{"line":14,"column":4},"end":{"line":14,"column":9}},"loc":{"start":{"line":14,"column":15},"end":{"line":50,"column":null}}},"1":{"name":"(anonymous_1)","decl":{"start":{"line":17,"column":44},"end":{"line":17,"column":49}},"loc":{"start":{"line":17,"column":49},"end":{"line":22,"column":null}}},"2":{"name":"(anonymous_2)","decl":{"start":{"line":24,"column":15},"end":{"line":24,"column":20}},"loc":{"start":{"line":24,"column":20},"end":{"line":49,"column":null}}}},"branchMap":{"0":{"loc":{"start":{"line":33,"column":16},"end":{"line":35,"column":null}},"type":"switch","locations":[{"start":{"line":33,"column":16},"end":{"line":35,"column":null}},{"start":{"line":36,"column":16},"end":{"line":38,"column":null}},{"start":{"line":39,"column":16},"end":{"line":41,"column":null}},{"start":{"line":42,"column":16},"end":{"line":44,"column":null}},{"start":{"line":45,"column":16},"end":{"line":46,"column":27}}]}},"s":{"0":3,"1":3,"2":3,"3":3,"4":3,"5":3,"6":3,"7":3,"8":3,"9":20,"10":20,"11":22,"12":22,"13":20,"14":24,"15":24,"16":24,"17":24,"18":9,"19":9,"20":8,"21":8,"22":4,"23":4,"24":3,"25":3,"26":0,"27":24},"f":{"0":20,"1":22,"2":24},"b":{"0":[9,8,4,3,0]}}
,"D:\\web\\vue3-json-schema-form\\lib\\context.ts": {"path":"D:\\web\\vue3-json-schema-form\\lib\\context.ts","statementMap":{"0":{"start":{"line":1,"column":0},"end":{"line":1,"column":null}},"1":{"start":{"line":4,"column":36},"end":{"line":4,"column":null}},"2":{"start":{"line":13,"column":22},"end":{"line":13,"column":29}},"3":{"start":{"line":15,"column":4},"end":{"line":17,"column":null}},"4":{"start":{"line":16,"column":8},"end":{"line":16,"column":14}},"5":{"start":{"line":19,"column":4},"end":{"line":19,"column":11}}},"fnMap":{"0":{"name":"useVJSFContext","decl":{"start":{"line":6,"column":16},"end":{"line":6,"column":30}},"loc":{"start":{"line":6,"column":30},"end":{"line":20,"column":null}}}},"branchMap":{"0":{"loc":{"start":{"line":15,"column":4},"end":{"line":17,"column":null}},"type":"if","locations":[{"start":{"line":15,"column":4},"end":{"line":17,"column":null}},{"start":{"line":15,"column":4},"end":{"line":17,"column":null}}]}},"s":{"0":3,"1":3,"2":36,"3":36,"4":0,"5":36},"f":{"0":36},"b":{"0":[0,36]}}
,"D:\\web\\vue3-json-schema-form\\lib\\index.ts": {"path":"D:\\web\\vue3-json-schema-form\\lib\\index.ts","statementMap":{"0":{"start":{"line":1,"column":0},"end":{"line":1,"column":null}},"1":{"start":{"line":3,"column":0},"end":{"line":3,"column":null}},"2":{"start":{"line":4,"column":0},"end":{"line":4,"column":null}},"3":{"start":{"line":5,"column":0},"end":{"line":5,"column":null}},"4":{"start":{"line":6,"column":0},"end":{"line":6,"column":null}},"5":{"start":{"line":8,"column":0},"end":{"line":8,"column":null}},"6":{"start":{"line":12,"column":15},"end":{"line":12,"column":null}}},"fnMap":{"0":{"name":"(anonymous_4)","decl":{"start":{"line":8,"column":0},"end":{"line":8,"column":null}},"loc":{"start":{"line":8,"column":0},"end":{"line":8,"column":null}}}},"branchMap":{"0":{"loc":{"start":{"line":8,"column":0},"end":{"line":8,"column":null}},"type":"if","locations":[{"start":{"line":8,"column":0},"end":{"line":8,"column":null}},{"start":{"line":8,"column":0},"end":{"line":8,"column":null}}]}},"s":{"0":3,"1":3,"2":3,"3":3,"4":3,"5":54,"6":3},"f":{"0":12},"b":{"0":[24,48]}}
,"D:\\web\\vue3-json-schema-form\\lib\\theme.tsx": {"path":"D:\\web\\vue3-json-schema-form\\lib\\theme.tsx","statementMap":{"0":{"start":{"line":1,"column":0},"end":{"line":1,"column":null}},"1":{"start":{"line":11,"column":0},"end":{"line":11,"column":null}},"2":{"start":{"line":13,"column":0},"end":{"line":13,"column":null}},"3":{"start":{"line":15,"column":27},"end":{"line":15,"column":null}},"4":{"start":{"line":17,"column":22},"end":{"line":17,"column":38}},"5":{"start":{"line":26,"column":24},"end":{"line":26,"column":33}},"6":{"start":{"line":26,"column":39},"end":{"line":26,"column":null}},"7":{"start":{"line":27,"column":8},"end":{"line":27,"column":16}},"8":{"start":{"line":29,"column":8},"end":{"line":29,"column":15}},"9":{"start":{"line":29,"column":21},"end":{"line":29,"column":43}},"10":{"start":{"line":37,"column":24},"end":{"line":37,"column":null}},"11":{"start":{"line":38,"column":4},"end":{"line":48,"column":null}},"12":{"start":{"line":39,"column":37},"end":{"line":39,"column":null}},"13":{"start":{"line":40,"column":8},"end":{"line":42,"column":null}},"14":{"start":{"line":41,"column":12},"end":{"line":41,"column":19}},"15":{"start":{"line":43,"column":8},"end":{"line":47,"column":null}},"16":{"start":{"line":44,"column":12},"end":{"line":46,"column":null}},"17":{"start":{"line":45,"column":16},"end":{"line":45,"column":23}},"18":{"start":{"line":49,"column":20},"end":{"line":49,"column":47}},"19":{"start":{"line":51,"column":4},"end":{"line":51,"column":24}},"20":{"start":{"line":51,"column":18},"end":{"line":51,"column":24}},"21":{"start":{"line":53,"column":4},"end":{"line":53,"column":11}},"22":{"start":{"line":53,"column":26},"end":{"line":53,"column":33}},"23":{"start":{"line":56,"column":15},"end":{"line":56,"column":null}}},"fnMap":{"0":{"name":"(anonymous_0)","decl":{"start":{"line":25,"column":4},"end":{"line":25,"column":9}},"loc":{"start":{"line":25,"column":26},"end":{"line":30,"column":null}}},"1":{"name":"(anonymous_1)","decl":{"start":{"line":26,"column":33},"end":{"line":26,"column":39}},"loc":{"start":{"line":26,"column":39},"end":{"line":26,"column":null}}},"2":{"name":"(anonymous_2)","decl":{"start":{"line":29,"column":15},"end":{"line":29,"column":21}},"loc":{"start":{"line":29,"column":21},"end":{"line":29,"column":43}}},"3":{"name":"getWidget","decl":{"start":{"line":33,"column":16},"end":{"line":33,"column":null}},"loc":{"start":{"line":35,"column":53},"end":{"line":54,"column":null}}},"4":{"name":"(anonymous_4)","decl":{"start":{"line":53,"column":20},"end":{"line":53,"column":26}},"loc":{"start":{"line":53,"column":26},"end":{"line":53,"column":33}}}},"branchMap":{"0":{"loc":{"start":{"line":29,"column":21},"end":{"line":29,"column":38}},"type":"binary-expr","locations":[{"start":{"line":29,"column":21},"end":{"line":29,"column":38}},{"start":{"line":29,"column":38},"end":{"line":29,"column":43}}]},"1":{"loc":{"start":{"line":38,"column":4},"end":{"line":48,"column":null}},"type":"if","locations":[{"start":{"line":38,"column":4},"end":{"line":48,"column":null}},{"start":{"line":38,"column":4},"end":{"line":48,"column":null}}]},"2":{"loc":{"start":{"line":40,"column":8},"end":{"line":42,"column":null}},"type":"if","locations":[{"start":{"line":40,"column":8},"end":{"line":42,"column":null}},{"start":{"line":40,"column":8},"end":{"line":42,"column":null}}]},"3":{"loc":{"start":{"line":40,"column":12},"end":{"line":40,"column":32}},"type":"binary-expr","locations":[{"start":{"line":40,"column":12},"end":{"line":40,"column":32}},{"start":{"line":40,"column":32},"end":{"line":40,"column":41}}]},"4":{"loc":{"start":{"line":43,"column":8},"end":{"line":47,"column":null}},"type":"if","locations":[{"start":{"line":43,"column":8},"end":{"line":47,"column":null}},{"start":{"line":43,"column":8},"end":{"line":47,"column":null}}]},"5":{"loc":{"start":{"line":44,"column":12},"end":{"line":46,"column":null}},"type":"if","locations":[{"start":{"line":44,"column":12},"end":{"line":46,"column":null}},{"start":{"line":44,"column":12},"end":{"line":46,"column":null}}]},"6":{"loc":{"start":{"line":51,"column":4},"end":{"line":51,"column":24}},"type":"if","locations":[{"start":{"line":51,"column":4},"end":{"line":51,"column":24}},{"start":{"line":51,"column":4},"end":{"line":51,"column":24}}]}},"s":{"0":3,"1":3,"2":3,"3":3,"4":3,"5":8,"6":8,"7":8,"8":8,"9":8,"10":9,"11":9,"12":0,"13":0,"14":0,"15":0,"16":0,"17":0,"18":9,"19":9,"20":0,"21":9,"22":9,"23":3},"f":{"0":8,"1":8,"2":8,"3":9,"4":9},"b":{"0":[8,8],"1":[0,9],"2":[0,0],"3":[0,0],"4":[0,0],"5":[0,0],"6":[0,9]}}
,"D:\\web\\vue3-json-schema-form\\lib\\types.ts": {"path":"D:\\web\\vue3-json-schema-form\\lib\\types.ts","statementMap":{"0":{"start":{"line":5,"column":0},"end":{"line":5,"column":12}},"1":{"start":{"line":6,"column":4},"end":{"line":6,"column":null}},"2":{"start":{"line":7,"column":4},"end":{"line":7,"column":null}},"3":{"start":{"line":8,"column":4},"end":{"line":8,"column":null}},"4":{"start":{"line":9,"column":4},"end":{"line":9,"column":null}},"5":{"start":{"line":10,"column":4},"end":{"line":10,"column":null}},"6":{"start":{"line":11,"column":4},"end":{"line":11,"column":null}},"7":{"start":{"line":53,"column":32},"end":{"line":53,"column":null}},"8":{"start":{"line":81,"column":39},"end":{"line":81,"column":null}},"9":{"start":{"line":99,"column":42},"end":{"line":99,"column":null}}},"fnMap":{"0":{"name":"(anonymous_0)","decl":{"start":{"line":5,"column":0},"end":{"line":5,"column":12}},"loc":{"start":{"line":5,"column":23},"end":{"line":12,"column":null}}}},"branchMap":{"0":{"loc":{"start":{"line":5,"column":12},"end":{"line":5,"column":23}},"type":"binary-expr","locations":[{"start":{"line":5,"column":12},"end":{"line":5,"column":23}},{"start":{"line":5,"column":23},"end":{"line":5,"column":null}}]}},"s":{"0":3,"1":3,"2":3,"3":3,"4":3,"5":3,"6":3,"7":3,"8":3,"9":3},"f":{"0":3},"b":{"0":[3,3]}}
,"D:\\web\\vue3-json-schema-form\\lib\\utils.ts": {"path":"D:\\web\\vue3-json-schema-form\\lib\\utils.ts","statementMap":{"0":{"start":{"line":1,"column":0},"end":{"line":1,"column":null}},"1":{"start":{"line":5,"column":0},"end":{"line":5,"column":null}},"2":{"start":{"line":6,"column":0},"end":{"line":6,"column":null}},"3":{"start":{"line":7,"column":0},"end":{"line":7,"column":null}},"4":{"start":{"line":10,"column":4},"end":{"line":10,"column":11}},"5":{"start":{"line":14,"column":4},"end":{"line":14,"column":11}},"6":{"start":{"line":22,"column":4},"end":{"line":22,"column":11}},"7":{"start":{"line":29,"column":24},"end":{"line":29,"column":28}},"8":{"start":{"line":31,"column":18},"end":{"line":31,"column":33}},"9":{"start":{"line":32,"column":4},"end":{"line":32,"column":11}},"10":{"start":{"line":41,"column":4},"end":{"line":56,"column":null}},"11":{"start":{"line":42,"column":8},"end":{"line":42,"column":15}},"12":{"start":{"line":43,"column":11},"end":{"line":56,"column":null}},"13":{"start":{"line":44,"column":31},"end":{"line":44,"column":51}},"14":{"start":{"line":45,"column":8},"end":{"line":45,"column":15}},"15":{"start":{"line":46,"column":11},"end":{"line":56,"column":null}},"16":{"start":{"line":47,"column":8},"end":{"line":47,"column":15}},"17":{"start":{"line":50,"column":16},"end":{"line":50,"column":31}},"18":{"start":{"line":55,"column":8},"end":{"line":55,"column":15}},"19":{"start":{"line":64,"column":4},"end":{"line":66,"column":null}},"20":{"start":{"line":65,"column":8},"end":{"line":65,"column":15}},"21":{"start":{"line":67,"column":25},"end":{"line":67,"column":39}},"22":{"start":{"line":70,"column":4},"end":{"line":82,"column":null}},"23":{"start":{"line":71,"column":8},"end":{"line":81,"column":null}},"24":{"start":{"line":72,"column":12},"end":{"line":72,"column":26}},"25":{"start":{"line":78,"column":12},"end":{"line":78,"column":19}},"26":{"start":{"line":79,"column":61},"end":{"line":79,"column":null}},"27":{"start":{"line":80,"column":12},"end":{"line":80,"column":19}},"28":{"start":{"line":84,"column":8},"end":{"line":85,"column":null}},"29":{"start":{"line":86,"column":4},"end":{"line":93,"column":null}},"30":{"start":{"line":88,"column":8},"end":{"line":88,"column":15}},"31":{"start":{"line":94,"column":4},"end":{"line":94,"column":11}},"32":{"start":{"line":97,"column":40},"end":{"line":97,"column":null}},"33":{"start":{"line":105,"column":4},"end":{"line":105,"column":10}},"34":{"start":{"line":110,"column":4},"end":{"line":110,"column":10}},"35":{"start":{"line":111,"column":8},"end":{"line":114,"column":null}},"36":{"start":{"line":113,"column":12},"end":{"line":113,"column":null}},"37":{"start":{"line":117,"column":8},"end":{"line":127,"column":null}},"38":{"start":{"line":118,"column":12},"end":{"line":118,"column":32}},"39":{"start":{"line":123,"column":15},"end":{"line":127,"column":null}},"40":{"start":{"line":124,"column":12},"end":{"line":124,"column":32}},"41":{"start":{"line":126,"column":12},"end":{"line":126,"column":32}},"42":{"start":{"line":130,"column":10},"end":{"line":130,"column":24}},"43":{"start":{"line":132,"column":10},"end":{"line":132,"column":24}},"44":{"start":{"line":135,"column":4},"end":{"line":135,"column":11}},"45":{"start":{"line":153,"column":23},"end":{"line":153,"column":44}},"46":{"start":{"line":155,"column":37},"end":{"line":155,"column":null}},"47":{"start":{"line":157,"column":4},"end":{"line":157,"column":11}},"48":{"start":{"line":165,"column":20},"end":{"line":165,"column":null}},"49":{"start":{"line":166,"column":4},"end":{"line":171,"column":null}},"50":{"start":{"line":168,"column":8},"end":{"line":168,"column":12}},"51":{"start":{"line":170,"column":8},"end":{"line":170,"column":14}},"52":{"start":{"line":172,"column":20},"end":{"line":172,"column":32}},"53":{"start":{"line":173,"column":4},"end":{"line":175,"column":null}},"54":{"start":{"line":174,"column":8},"end":{"line":174,"column":14}},"55":{"start":{"line":176,"column":4},"end":{"line":179,"column":null}},"56":{"start":{"line":178,"column":8},"end":{"line":178,"column":15}},"57":{"start":{"line":180,"column":4},"end":{"line":180,"column":11}},"58":{"start":{"line":189,"column":51},"end":{"line":189,"column":58}},"59":{"start":{"line":190,"column":4},"end":{"line":200,"column":null}},"60":{"start":{"line":191,"column":8},"end":{"line":191,"column":22}},"61":{"start":{"line":195,"column":11},"end":{"line":200,"column":null}},"62":{"start":{"line":196,"column":8},"end":{"line":196,"column":22}},"63":{"start":{"line":201,"column":4},"end":{"line":201,"column":11}},"64":{"start":{"line":215,"column":4},"end":{"line":251,"column":null}},"65":{"start":{"line":217,"column":8},"end":{"line":219,"column":null}},"66":{"start":{"line":218,"column":12},"end":{"line":218,"column":null}},"67":{"start":{"line":221,"column":8},"end":{"line":226,"column":null}},"68":{"start":{"line":225,"column":12},"end":{"line":225,"column":null}},"69":{"start":{"line":230,"column":12},"end":{"line":230,"column":null}},"70":{"start":{"line":231,"column":8},"end":{"line":244,"column":null}},"71":{"start":{"line":232,"column":12},"end":{"line":232,"column":26}},"72":{"start":{"line":236,"column":15},"end":{"line":244,"column":null}},"73":{"start":{"line":237,"column":12},"end":{"line":237,"column":26}},"74":{"start":{"line":245,"column":8},"end":{"line":245,"column":15}},"75":{"start":{"line":252,"column":4},"end":{"line":252,"column":11}},"76":{"start":{"line":256,"column":4},"end":{"line":258,"column":null}},"77":{"start":{"line":257,"column":8},"end":{"line":257,"column":15}},"78":{"start":{"line":259,"column":21},"end":{"line":261,"column":null}},"79":{"start":{"line":262,"column":4},"end":{"line":262,"column":11}},"80":{"start":{"line":273,"column":42},"end":{"line":273,"column":null}},"81":{"start":{"line":278,"column":4},"end":{"line":278,"column":10}},"82":{"start":{"line":280,"column":4},"end":{"line":286,"column":null}},"83":{"start":{"line":281,"column":8},"end":{"line":281,"column":15}},"84":{"start":{"line":282,"column":11},"end":{"line":286,"column":null}},"85":{"start":{"line":283,"column":8},"end":{"line":283,"column":14}},"86":{"start":{"line":288,"column":26},"end":{"line":288,"column":31}},"87":{"start":{"line":289,"column":8},"end":{"line":291,"column":null}},"88":{"start":{"line":293,"column":4},"end":{"line":293,"column":11}},"89":{"start":{"line":309,"column":28},"end":{"line":309,"column":33}},"90":{"start":{"line":310,"column":8},"end":{"line":312,"column":null}},"91":{"start":{"line":311,"column":12},"end":{"line":311,"column":19}},"92":{"start":{"line":315,"column":12},"end":{"line":315,"column":null}},"93":{"start":{"line":316,"column":8},"end":{"line":326,"column":null}},"94":{"start":{"line":317,"column":36},"end":{"line":317,"column":null}},"95":{"start":{"line":324,"column":31},"end":{"line":324,"column":44}},"96":{"start":{"line":325,"column":12},"end":{"line":325,"column":19}},"97":{"start":{"line":328,"column":4},"end":{"line":333,"column":null}},"98":{"start":{"line":329,"column":8},"end":{"line":329,"column":15}},"99":{"start":{"line":332,"column":8},"end":{"line":332,"column":15}},"100":{"start":{"line":335,"column":22},"end":{"line":335,"column":38}},"101":{"start":{"line":339,"column":8},"end":{"line":339,"column":null}},"102":{"start":{"line":340,"column":28},"end":{"line":340,"column":30}},"103":{"start":{"line":341,"column":4},"end":{"line":341,"column":11}},"104":{"start":{"line":354,"column":16},"end":{"line":354,"column":22}},"105":{"start":{"line":355,"column":4},"end":{"line":355,"column":11}},"106":{"start":{"line":356,"column":21},"end":{"line":356,"column":null}},"107":{"start":{"line":357,"column":20},"end":{"line":357,"column":25}},"108":{"start":{"line":358,"column":8},"end":{"line":374,"column":null}},"109":{"start":{"line":359,"column":12},"end":{"line":359,"column":15}},"110":{"start":{"line":360,"column":15},"end":{"line":374,"column":null}},"111":{"start":{"line":371,"column":12},"end":{"line":371,"column":15}},"112":{"start":{"line":373,"column":12},"end":{"line":373,"column":15}},"113":{"start":{"line":375,"column":8},"end":{"line":375,"column":15}},"114":{"start":{"line":389,"column":21},"end":{"line":389,"column":null}},"115":{"start":{"line":391,"column":4},"end":{"line":393,"column":null}},"116":{"start":{"line":392,"column":8},"end":{"line":392,"column":15}},"117":{"start":{"line":395,"column":4},"end":{"line":397,"column":null}},"118":{"start":{"line":396,"column":8},"end":{"line":396,"column":15}},"119":{"start":{"line":399,"column":4},"end":{"line":401,"column":null}},"120":{"start":{"line":400,"column":8},"end":{"line":400,"column":15}},"121":{"start":{"line":403,"column":19},"end":{"line":403,"column":null}},"122":{"start":{"line":404,"column":4},"end":{"line":406,"column":null}},"123":{"start":{"line":405,"column":8},"end":{"line":405,"column":15}},"124":{"start":{"line":405,"column":30},"end":{"line":405,"column":null}},"125":{"start":{"line":408,"column":4},"end":{"line":408,"column":11}},"126":{"start":{"line":437,"column":25},"end":{"line":453,"column":null}},"127":{"start":{"line":438,"column":4},"end":{"line":450,"column":null}},"128":{"start":{"line":439,"column":8},"end":{"line":439,"column":15}},"129":{"start":{"line":440,"column":11},"end":{"line":450,"column":null}},"130":{"start":{"line":441,"column":8},"end":{"line":441,"column":15}},"131":{"start":{"line":442,"column":11},"end":{"line":450,"column":null}},"132":{"start":{"line":443,"column":8},"end":{"line":443,"column":15}},"133":{"start":{"line":444,"column":11},"end":{"line":450,"column":null}},"134":{"start":{"line":445,"column":8},"end":{"line":445,"column":15}},"135":{"start":{"line":446,"column":11},"end":{"line":450,"column":null}},"136":{"start":{"line":447,"column":8},"end":{"line":447,"column":15}},"137":{"start":{"line":448,"column":11},"end":{"line":450,"column":null}},"138":{"start":{"line":449,"column":8},"end":{"line":449,"column":15}},"139":{"start":{"line":452,"column":4},"end":{"line":452,"column":11}},"140":{"start":{"line":456,"column":4},"end":{"line":456,"column":null}},"141":{"start":{"line":463,"column":19},"end":{"line":463,"column":34}},"142":{"start":{"line":464,"column":23},"end":{"line":464,"column":null}},"143":{"start":{"line":465,"column":4},"end":{"line":469,"column":null}},"144":{"start":{"line":466,"column":8},"end":{"line":466,"column":15}},"145":{"start":{"line":467,"column":11},"end":{"line":469,"column":null}},"146":{"start":{"line":468,"column":8},"end":{"line":468,"column":15}},"147":{"start":{"line":468,"column":46},"end":{"line":468,"column":57}},"148":{"start":{"line":470,"column":4},"end":{"line":470,"column":11}},"149":{"start":{"line":474,"column":4},"end":{"line":476,"column":null}},"150":{"start":{"line":475,"column":8},"end":{"line":475,"column":15}},"151":{"start":{"line":477,"column":4},"end":{"line":477,"column":11}},"152":{"start":{"line":486,"column":4},"end":{"line":536,"column":null}},"153":{"start":{"line":486,"column":17},"end":{"line":486,"column":20}},"154":{"start":{"line":487,"column":23},"end":{"line":487,"column":31}},"155":{"start":{"line":496,"column":8},"end":{"line":535,"column":null}},"156":{"start":{"line":499,"column":34},"end":{"line":499,"column":null}},"157":{"start":{"line":500,"column":66},"end":{"line":500,"column":null}},"158":{"start":{"line":508,"column":12},"end":{"line":524,"column":null}},"159":{"start":{"line":510,"column":44},"end":{"line":510,"column":null}},"160":{"start":{"line":512,"column":16},"end":{"line":517,"column":null}},"161":{"start":{"line":513,"column":20},"end":{"line":513,"column":32}},"162":{"start":{"line":516,"column":20},"end":{"line":516,"column":32}},"163":{"start":{"line":519,"column":16},"end":{"line":519,"column":28}},"164":{"start":{"line":521,"column":16},"end":{"line":521,"column":31}},"165":{"start":{"line":523,"column":16},"end":{"line":523,"column":31}},"166":{"start":{"line":528,"column":12},"end":{"line":528,"column":19}},"167":{"start":{"line":530,"column":12},"end":{"line":532,"column":null}},"168":{"start":{"line":531,"column":16},"end":{"line":531,"column":23}},"169":{"start":{"line":533,"column":15},"end":{"line":535,"column":null}},"170":{"start":{"line":534,"column":12},"end":{"line":534,"column":19}},"171":{"start":{"line":537,"column":4},"end":{"line":537,"column":11}},"172":{"start":{"line":541,"column":4},"end":{"line":562,"column":null}},"173":{"start":{"line":542,"column":8},"end":{"line":544,"column":null}},"174":{"start":{"line":543,"column":12},"end":{"line":543,"column":20}},"175":{"start":{"line":545,"column":8},"end":{"line":545,"column":15}},"176":{"start":{"line":546,"column":12},"end":{"line":548,"column":null}},"177":{"start":{"line":547,"column":16},"end":{"line":547,"column":23}},"178":{"start":{"line":549,"column":12},"end":{"line":549,"column":19}},"179":{"start":{"line":551,"column":11},"end":{"line":562,"column":null}},"180":{"start":{"line":552,"column":20},"end":{"line":552,"column":26}},"181":{"start":{"line":553,"column":8},"end":{"line":553,"column":15}},"182":{"start":{"line":554,"column":12},"end":{"line":554,"column":15}},"183":{"start":{"line":558,"column":12},"end":{"line":558,"column":19}},"184":{"start":{"line":561,"column":8},"end":{"line":561,"column":15}},"185":{"start":{"line":571,"column":4},"end":{"line":573,"column":null}},"186":{"start":{"line":572,"column":8},"end":{"line":572,"column":14}},"187":{"start":{"line":575,"column":21},"end":{"line":575,"column":null}},"188":{"start":{"line":584,"column":4},"end":{"line":587,"column":null}},"189":{"start":{"line":586,"column":8},"end":{"line":586,"column":15}},"190":{"start":{"line":588,"column":4},"end":{"line":590,"column":null}},"191":{"start":{"line":589,"column":8},"end":{"line":589,"column":15}},"192":{"start":{"line":591,"column":4},"end":{"line":593,"column":null}},"193":{"start":{"line":592,"column":8},"end":{"line":592,"column":15}},"194":{"start":{"line":594,"column":4},"end":{"line":594,"column":11}}},"fnMap":{"0":{"name":"isObject","decl":{"start":{"line":9,"column":16},"end":{"line":9,"column":25}},"loc":{"start":{"line":9,"column":35},"end":{"line":11,"column":null}}},"1":{"name":"isEmptyObject","decl":{"start":{"line":13,"column":16},"end":{"line":13,"column":30}},"loc":{"start":{"line":13,"column":40},"end":{"line":15,"column":null}}},"2":{"name":"hasOwnProperty","decl":{"start":{"line":17,"column":16},"end":{"line":17,"column":31}},"loc":{"start":{"line":17,"column":52},"end":{"line":23,"column":null}}},"3":{"name":"validateData","decl":{"start":{"line":30,"column":16},"end":{"line":30,"column":29}},"loc":{"start":{"line":30,"column":51},"end":{"line":36,"column":null}}},"4":{"name":"resolveSchema","decl":{"start":{"line":40,"column":16},"end":{"line":40,"column":30}},"loc":{"start":{"line":40,"column":76},"end":{"line":57,"column":null}}},"5":{"name":"(anonymous_5)","decl":{"start":{"line":49,"column":36},"end":{"line":49,"column":50}},"loc":{"start":{"line":50,"column":16},"end":{"line":50,"column":31}}},"6":{"name":"retrieveSchema","decl":{"start":{"line":59,"column":16},"end":{"line":59,"column":null}},"loc":{"start":{"line":62,"column":22},"end":{"line":95,"column":null}}},"7":{"name":"stubExistingAdditionalProperties","decl":{"start":{"line":99,"column":16},"end":{"line":99,"column":null}},"loc":{"start":{"line":102,"column":22},"end":{"line":136,"column":null}}},"8":{"name":"(anonymous_8)","decl":{"start":{"line":110,"column":34},"end":{"line":110,"column":37}},"loc":{"start":{"line":110,"column":40},"end":{"line":133,"column":null}}},"9":{"name":"resolveReference","decl":{"start":{"line":151,"column":9},"end":{"line":151,"column":26}},"loc":{"start":{"line":151,"column":69},"end":{"line":162,"column":null}}},"10":{"name":"findSchemaDefinition","decl":{"start":{"line":164,"column":16},"end":{"line":164,"column":37}},"loc":{"start":{"line":164,"column":66},"end":{"line":181,"column":null}}},"11":{"name":"resolveDependencies","decl":{"start":{"line":183,"column":9},"end":{"line":183,"column":null}},"loc":{"start":{"line":186,"column":17},"end":{"line":207,"column":null}}},"12":{"name":"processDependencies","decl":{"start":{"line":208,"column":9},"end":{"line":208,"column":null}},"loc":{"start":{"line":212,"column":17},"end":{"line":253,"column":null}}},"13":{"name":"withDependentProperties","decl":{"start":{"line":255,"column":9},"end":{"line":255,"column":33}},"loc":{"start":{"line":255,"column":71},"end":{"line":263,"column":null}}},"14":{"name":"withDependentSchema","decl":{"start":{"line":265,"column":9},"end":{"line":265,"column":null}},"loc":{"start":{"line":270,"column":24},"end":{"line":300,"column":null}}},"15":{"name":"(anonymous_15)","decl":{"start":{"line":288,"column":36},"end":{"line":288,"column":45}},"loc":{"start":{"line":289,"column":8},"end":{"line":291,"column":null}}},"16":{"name":"withExactlyOneSubschema","decl":{"start":{"line":302,"column":9},"end":{"line":302,"column":null}},"loc":{"start":{"line":307,"column":14},"end":{"line":346,"column":null}}},"17":{"name":"(anonymous_17)","decl":{"start":{"line":309,"column":42},"end":{"line":309,"column":60}},"loc":{"start":{"line":309,"column":60},"end":{"line":327,"column":null}}},"18":{"name":"mergeSchemas","decl":{"start":{"line":353,"column":16},"end":{"line":353,"column":29}},"loc":{"start":{"line":353,"column":49},"end":{"line":377,"column":null}}},"19":{"name":"(anonymous_19)","decl":{"start":{"line":355,"column":36},"end":{"line":355,"column":37}},"loc":{"start":{"line":355,"column":49},"end":{"line":376,"column":7}}},"20":{"name":"getSchemaType","decl":{"start":{"line":388,"column":16},"end":{"line":388,"column":30}},"loc":{"start":{"line":388,"column":44},"end":{"line":433,"column":null}}},"21":{"name":"(anonymous_21)","decl":{"start":{"line":405,"column":22},"end":{"line":405,"column":26}},"loc":{"start":{"line":405,"column":30},"end":{"line":405,"column":null}}},"22":{"name":"guessType","decl":{"start":{"line":437,"column":34},"end":{"line":437,"column":44}},"loc":{"start":{"line":437,"column":54},"end":{"line":453,"column":null}}},"23":{"name":"isConstant","decl":{"start":{"line":455,"column":16},"end":{"line":455,"column":27}},"loc":{"start":{"line":455,"column":41},"end":{"line":460,"column":null}}},"24":{"name":"isSelect","decl":{"start":{"line":462,"column":16},"end":{"line":462,"column":25}},"loc":{"start":{"line":462,"column":62},"end":{"line":471,"column":null}}},"25":{"name":"(anonymous_25)","decl":{"start":{"line":468,"column":32},"end":{"line":468,"column":42}},"loc":{"start":{"line":468,"column":46},"end":{"line":468,"column":57}}},"26":{"name":"isMultiSelect","decl":{"start":{"line":473,"column":16},"end":{"line":473,"column":30}},"loc":{"start":{"line":473,"column":69},"end":{"line":478,"column":null}}},"27":{"name":"getMatchingOption","decl":{"start":{"line":481,"column":16},"end":{"line":481,"column":null}},"loc":{"start":{"line":484,"column":51},"end":{"line":538,"column":null}}},"28":{"name":"(anonymous_28)","decl":{"start":{"line":500,"column":58},"end":{"line":500,"column":61}},"loc":{"start":{"line":500,"column":66},"end":{"line":500,"column":null}}},"29":{"name":"mergeDefaultsWithFormData","decl":{"start":{"line":540,"column":16},"end":{"line":540,"column":42}},"loc":{"start":{"line":540,"column":70},"end":{"line":563,"column":null}}},"30":{"name":"(anonymous_30)","decl":{"start":{"line":545,"column":28},"end":{"line":545,"column":29}},"loc":{"start":{"line":545,"column":43},"end":{"line":550,"column":null}}},"31":{"name":"(anonymous_31)","decl":{"start":{"line":553,"column":44},"end":{"line":553,"column":45}},"loc":{"start":{"line":553,"column":57},"end":{"line":559,"column":11}}}},"branchMap":{"0":{"loc":{"start":{"line":10,"column":11},"end":{"line":10,"column":40}},"type":"binary-expr","locations":[{"start":{"line":10,"column":11},"end":{"line":10,"column":40}},{"start":{"line":10,"column":40},"end":{"line":10,"column":58}},{"start":{"line":10,"column":58},"end":{"line":10,"column":64}}]},"1":{"loc":{"start":{"line":14,"column":11},"end":{"line":14,"column":20}},"type":"binary-expr","locations":[{"start":{"line":14,"column":11},"end":{"line":14,"column":20}},{"start":{"line":14,"column":30},"end":{"line":14,"column":null}}]},"2":{"loc":{"start":{"line":40,"column":59},"end":{"line":40,"column":63}},"type":"default-arg","locations":[{"start":{"line":40,"column":59},"end":{"line":40,"column":63}}]},"3":{"loc":{"start":{"line":40,"column":74},"end":{"line":40,"column":76}},"type":"default-arg","locations":[{"start":{"line":40,"column":74},"end":{"line":40,"column":76}}]},"4":{"loc":{"start":{"line":41,"column":4},"end":{"line":56,"column":null}},"type":"if","locations":[{"start":{"line":41,"column":4},"end":{"line":56,"column":null}},{"start":{"line":41,"column":4},"end":{"line":56,"column":null}}]},"5":{"loc":{"start":{"line":43,"column":11},"end":{"line":56,"column":null}},"type":"if","locations":[{"start":{"line":43,"column":11},"end":{"line":56,"column":null}},{"start":{"line":43,"column":11},"end":{"line":56,"column":null}}]},"6":{"loc":{"start":{"line":46,"column":11},"end":{"line":56,"column":null}},"type":"if","locations":[{"start":{"line":46,"column":11},"end":{"line":56,"column":null}},{"start":{"line":46,"column":11},"end":{"line":56,"column":null}}]},"7":{"loc":{"start":{"line":46,"column":15},"end":{"line":46,"column":30}},"type":"binary-expr","locations":[{"start":{"line":46,"column":15},"end":{"line":46,"column":30}},{"start":{"line":46,"column":50},"end":{"line":46,"column":55}}]},"8":{"loc":{"start":{"line":61,"column":17},"end":{"line":61,"column":null}},"type":"default-arg","locations":[{"start":{"line":61,"column":17},"end":{"line":61,"column":null}}]},"9":{"loc":{"start":{"line":62,"column":20},"end":{"line":62,"column":22}},"type":"default-arg","locations":[{"start":{"line":62,"column":20},"end":{"line":62,"column":22}}]},"10":{"loc":{"start":{"line":64,"column":4},"end":{"line":66,"column":null}},"type":"if","locations":[{"start":{"line":64,"column":4},"end":{"line":66,"column":null}},{"start":{"line":64,"column":4},"end":{"line":66,"column":null}}]},"11":{"loc":{"start":{"line":70,"column":4},"end":{"line":82,"column":null}},"type":"if","locations":[{"start":{"line":70,"column":4},"end":{"line":82,"column":null}},{"start":{"line":70,"column":4},"end":{"line":82,"column":null}}]},"12":{"loc":{"start":{"line":84,"column":8},"end":{"line":84,"column":22}},"type":"binary-expr","locations":[{"start":{"line":84,"column":8},"end":{"line":84,"column":22}},{"start":{"line":85,"column":8},"end":{"line":85,"column":null}}]},"13":{"loc":{"start":{"line":86,"column":4},"end":{"line":93,"column":null}},"type":"if","locations":[{"start":{"line":86,"column":4},"end":{"line":93,"column":null}},{"start":{"line":86,"column":4},"end":{"line":93,"column":null}}]},"14":{"loc":{"start":{"line":101,"column":25},"end":{"line":101,"column":null}},"type":"default-arg","locations":[{"start":{"line":101,"column":25},"end":{"line":101,"column":null}}]},"15":{"loc":{"start":{"line":102,"column":20},"end":{"line":102,"column":22}},"type":"default-arg","locations":[{"start":{"line":102,"column":20},"end":{"line":102,"column":22}}]},"16":{"loc":{"start":{"line":111,"column":8},"end":{"line":114,"column":null}},"type":"if","locations":[{"start":{"line":111,"column":8},"end":{"line":114,"column":null}},{"start":{"line":111,"column":8},"end":{"line":114,"column":null}}]},"17":{"loc":{"start":{"line":117,"column":8},"end":{"line":127,"column":null}},"type":"if","locations":[{"start":{"line":117,"column":8},"end":{"line":127,"column":null}},{"start":{"line":117,"column":8},"end":{"line":127,"column":null}}]},"18":{"loc":{"start":{"line":123,"column":15},"end":{"line":127,"column":null}},"type":"if","locations":[{"start":{"line":123,"column":15},"end":{"line":127,"column":null}},{"start":{"line":123,"column":15},"end":{"line":127,"column":null}}]},"19":{"loc":{"start":{"line":164,"column":64},"end":{"line":164,"column":66}},"type":"default-arg","locations":[{"start":{"line":164,"column":64},"end":{"line":164,"column":66}}]},"20":{"loc":{"start":{"line":166,"column":4},"end":{"line":171,"column":null}},"type":"if","locations":[{"start":{"line":166,"column":4},"end":{"line":171,"column":null}},{"start":{"line":166,"column":4},"end":{"line":171,"column":null}}]},"21":{"loc":{"start":{"line":173,"column":4},"end":{"line":175,"column":null}},"type":"if","locations":[{"start":{"line":173,"column":4},"end":{"line":175,"column":null}},{"start":{"line":173,"column":4},"end":{"line":175,"column":null}}]},"22":{"loc":{"start":{"line":176,"column":4},"end":{"line":179,"column":null}},"type":"if","locations":[{"start":{"line":176,"column":4},"end":{"line":179,"column":null}},{"start":{"line":176,"column":4},"end":{"line":179,"column":null}}]},"23":{"loc":{"start":{"line":189,"column":25},"end":{"line":189,"column":29}},"type":"default-arg","locations":[{"start":{"line":189,"column":25},"end":{"line":189,"column":29}}]},"24":{"loc":{"start":{"line":190,"column":4},"end":{"line":200,"column":null}},"type":"if","locations":[{"start":{"line":190,"column":4},"end":{"line":200,"column":null}},{"start":{"line":190,"column":4},"end":{"line":200,"column":null}}]},"25":{"loc":{"start":{"line":195,"column":11},"end":{"line":200,"column":null}},"type":"if","locations":[{"start":{"line":195,"column":11},"end":{"line":200,"column":null}},{"start":{"line":195,"column":11},"end":{"line":200,"column":null}}]},"26":{"loc":{"start":{"line":217,"column":8},"end":{"line":219,"column":null}},"type":"if","locations":[{"start":{"line":217,"column":8},"end":{"line":219,"column":null}},{"start":{"line":217,"column":8},"end":{"line":219,"column":null}}]},"27":{"loc":{"start":{"line":221,"column":8},"end":{"line":226,"column":null}},"type":"if","locations":[{"start":{"line":221,"column":8},"end":{"line":226,"column":null}},{"start":{"line":221,"column":8},"end":{"line":226,"column":null}}]},"28":{"loc":{"start":{"line":222,"column":12},"end":{"line":222,"column":null}},"type":"binary-expr","locations":[{"start":{"line":222,"column":12},"end":{"line":222,"column":null}},{"start":{"line":223,"column":12},"end":{"line":223,"column":14}}]},"29":{"loc":{"start":{"line":231,"column":8},"end":{"line":244,"column":null}},"type":"if","locations":[{"start":{"line":231,"column":8},"end":{"line":244,"column":null}},{"start":{"line":231,"column":8},"end":{"line":244,"column":null}}]},"30":{"loc":{"start":{"line":236,"column":15},"end":{"line":244,"column":null}},"type":"if","locations":[{"start":{"line":236,"column":15},"end":{"line":244,"column":null}},{"start":{"line":236,"column":15},"end":{"line":244,"column":null}}]},"31":{"loc":{"start":{"line":256,"column":4},"end":{"line":258,"column":null}},"type":"if","locations":[{"start":{"line":256,"column":4},"end":{"line":258,"column":null}},{"start":{"line":256,"column":4},"end":{"line":258,"column":null}}]},"32":{"loc":{"start":{"line":260,"column":10},"end":{"line":260,"column":15}},"type":"cond-expr","locations":[{"start":{"line":260,"column":10},"end":{"line":260,"column":15}},{"start":{"line":261,"column":10},"end":{"line":261,"column":null}}]},"33":{"loc":{"start":{"line":280,"column":4},"end":{"line":286,"column":null}},"type":"if","locations":[{"start":{"line":280,"column":4},"end":{"line":286,"column":null}},{"start":{"line":280,"column":4},"end":{"line":286,"column":null}}]},"34":{"loc":{"start":{"line":282,"column":11},"end":{"line":286,"column":null}},"type":"if","locations":[{"start":{"line":282,"column":11},"end":{"line":286,"column":null}},{"start":{"line":282,"column":11},"end":{"line":286,"column":null}}]},"35":{"loc":{"start":{"line":290,"column":14},"end":{"line":290,"column":31}},"type":"cond-expr","locations":[{"start":{"line":290,"column":14},"end":{"line":290,"column":31}},{"start":{"line":291,"column":14},"end":{"line":291,"column":null}}]},"36":{"loc":{"start":{"line":310,"column":8},"end":{"line":312,"column":null}},"type":"if","locations":[{"start":{"line":310,"column":8},"end":{"line":312,"column":null}},{"start":{"line":310,"column":8},"end":{"line":312,"column":null}}]},"37":{"loc":{"start":{"line":316,"column":8},"end":{"line":326,"column":null}},"type":"if","locations":[{"start":{"line":316,"column":8},"end":{"line":326,"column":null}},{"start":{"line":316,"column":8},"end":{"line":326,"column":null}}]},"38":{"loc":{"start":{"line":325,"column":19},"end":{"line":325,"column":30}},"type":"binary-expr","locations":[{"start":{"line":325,"column":19},"end":{"line":325,"column":30}},{"start":{"line":325,"column":30},"end":{"line":325,"column":null}}]},"39":{"loc":{"start":{"line":328,"column":4},"end":{"line":333,"column":null}},"type":"if","locations":[{"start":{"line":328,"column":4},"end":{"line":333,"column":null}},{"start":{"line":328,"column":4},"end":{"line":333,"column":null}}]},"40":{"loc":{"start":{"line":356,"column":28},"end":{"line":356,"column":33}},"type":"cond-expr","locations":[{"start":{"line":356,"column":28},"end":{"line":356,"column":33}},{"start":{"line":356,"column":40},"end":{"line":356,"column":null}}]},"41":{"loc":{"start":{"line":358,"column":8},"end":{"line":374,"column":null}},"type":"if","locations":[{"start":{"line":358,"column":8},"end":{"line":374,"column":null}},{"start":{"line":358,"column":8},"end":{"line":374,"column":null}}]},"42":{"loc":{"start":{"line":358,"column":12},"end":{"line":358,"column":16}},"type":"binary-expr","locations":[{"start":{"line":358,"column":12},"end":{"line":358,"column":16}},{"start":{"line":358,"column":20},"end":{"line":358,"column":35}},{"start":{"line":358,"column":49},"end":{"line":358,"column":58}}]},"43":{"loc":{"start":{"line":360,"column":15},"end":{"line":374,"column":null}},"type":"if","locations":[{"start":{"line":360,"column":15},"end":{"line":374,"column":null}},{"start":{"line":360,"column":15},"end":{"line":374,"column":null}}]},"44":{"loc":{"start":{"line":361,"column":12},"end":{"line":361,"column":16}},"type":"binary-expr","locations":[{"start":{"line":361,"column":12},"end":{"line":361,"column":16}},{"start":{"line":362,"column":12},"end":{"line":362,"column":null}},{"start":{"line":363,"column":13},"end":{"line":363,"column":null}},{"start":{"line":364,"column":16},"end":{"line":364,"column":null}},{"start":{"line":365,"column":12},"end":{"line":365,"column":null}},{"start":{"line":366,"column":12},"end":{"line":366,"column":17}},{"start":{"line":367,"column":12},"end":{"line":367,"column":17}}]},"45":{"loc":{"start":{"line":391,"column":4},"end":{"line":393,"column":null}},"type":"if","locations":[{"start":{"line":391,"column":4},"end":{"line":393,"column":null}},{"start":{"line":391,"column":4},"end":{"line":393,"column":null}}]},"46":{"loc":{"start":{"line":391,"column":8},"end":{"line":391,"column":17}},"type":"binary-expr","locations":[{"start":{"line":391,"column":8},"end":{"line":391,"column":17}},{"start":{"line":391,"column":17},"end":{"line":391,"column":31}}]},"47":{"loc":{"start":{"line":395,"column":4},"end":{"line":397,"column":null}},"type":"if","locations":[{"start":{"line":395,"column":4},"end":{"line":397,"column":null}},{"start":{"line":395,"column":4},"end":{"line":397,"column":null}}]},"48":{"loc":{"start":{"line":395,"column":8},"end":{"line":395,"column":17}},"type":"binary-expr","locations":[{"start":{"line":395,"column":8},"end":{"line":395,"column":17}},{"start":{"line":395,"column":17},"end":{"line":395,"column":30}}]},"49":{"loc":{"start":{"line":399,"column":4},"end":{"line":401,"column":null}},"type":"if","locations":[{"start":{"line":399,"column":4},"end":{"line":401,"column":null}},{"start":{"line":399,"column":4},"end":{"line":401,"column":null}}]},"50":{"loc":{"start":{"line":399,"column":8},"end":{"line":399,"column":18}},"type":"binary-expr","locations":[{"start":{"line":399,"column":8},"end":{"line":399,"column":18}},{"start":{"line":399,"column":18},"end":{"line":399,"column":39}},{"start":{"line":399,"column":39},"end":{"line":399,"column":69}}]},"51":{"loc":{"start":{"line":404,"column":4},"end":{"line":406,"column":null}},"type":"if","locations":[{"start":{"line":404,"column":4},"end":{"line":406,"column":null}},{"start":{"line":404,"column":4},"end":{"line":406,"column":null}}]},"52":{"loc":{"start":{"line":404,"column":8},"end":{"line":404,"column":30}},"type":"binary-expr","locations":[{"start":{"line":404,"column":8},"end":{"line":404,"column":30}},{"start":{"line":404,"column":30},"end":{"line":404,"column":48}},{"start":{"line":404,"column":48},"end":{"line":404,"column":49}}]},"53":{"loc":{"start":{"line":438,"column":4},"end":{"line":450,"column":null}},"type":"if","locations":[{"start":{"line":438,"column":4},"end":{"line":450,"column":null}},{"start":{"line":438,"column":4},"end":{"line":450,"column":null}}]},"54":{"loc":{"start":{"line":440,"column":11},"end":{"line":450,"column":null}},"type":"if","locations":[{"start":{"line":440,"column":11},"end":{"line":450,"column":null}},{"start":{"line":440,"column":11},"end":{"line":450,"column":null}}]},"55":{"loc":{"start":{"line":442,"column":11},"end":{"line":450,"column":null}},"type":"if","locations":[{"start":{"line":442,"column":11},"end":{"line":450,"column":null}},{"start":{"line":442,"column":11},"end":{"line":450,"column":null}}]},"56":{"loc":{"start":{"line":444,"column":11},"end":{"line":450,"column":null}},"type":"if","locations":[{"start":{"line":444,"column":11},"end":{"line":450,"column":null}},{"start":{"line":444,"column":11},"end":{"line":450,"column":null}}]},"57":{"loc":{"start":{"line":446,"column":11},"end":{"line":450,"column":null}},"type":"if","locations":[{"start":{"line":446,"column":11},"end":{"line":450,"column":null}},{"start":{"line":446,"column":11},"end":{"line":450,"column":null}}]},"58":{"loc":{"start":{"line":448,"column":11},"end":{"line":450,"column":null}},"type":"if","locations":[{"start":{"line":448,"column":11},"end":{"line":450,"column":null}},{"start":{"line":448,"column":11},"end":{"line":450,"column":null}}]},"59":{"loc":{"start":{"line":457,"column":9},"end":{"line":457,"column":14}},"type":"binary-expr","locations":[{"start":{"line":457,"column":9},"end":{"line":457,"column":14}},{"start":{"line":457,"column":39},"end":{"line":457,"column":null}},{"start":{"line":458,"column":8},"end":{"line":458,"column":14}}]},"60":{"loc":{"start":{"line":462,"column":60},"end":{"line":462,"column":62}},"type":"default-arg","locations":[{"start":{"line":462,"column":60},"end":{"line":462,"column":62}}]},"61":{"loc":{"start":{"line":464,"column":23},"end":{"line":464,"column":39}},"type":"binary-expr","locations":[{"start":{"line":464,"column":23},"end":{"line":464,"column":39}},{"start":{"line":464,"column":39},"end":{"line":464,"column":null}}]},"62":{"loc":{"start":{"line":465,"column":4},"end":{"line":469,"column":null}},"type":"if","locations":[{"start":{"line":465,"column":4},"end":{"line":469,"column":null}},{"start":{"line":465,"column":4},"end":{"line":469,"column":null}}]},"63":{"loc":{"start":{"line":467,"column":11},"end":{"line":469,"column":null}},"type":"if","locations":[{"start":{"line":467,"column":11},"end":{"line":469,"column":null}},{"start":{"line":467,"column":11},"end":{"line":469,"column":null}}]},"64":{"loc":{"start":{"line":473,"column":67},"end":{"line":473,"column":69}},"type":"default-arg","locations":[{"start":{"line":473,"column":67},"end":{"line":473,"column":69}}]},"65":{"loc":{"start":{"line":474,"column":4},"end":{"line":476,"column":null}},"type":"if","locations":[{"start":{"line":474,"column":4},"end":{"line":476,"column":null}},{"start":{"line":474,"column":4},"end":{"line":476,"column":null}}]},"66":{"loc":{"start":{"line":474,"column":8},"end":{"line":474,"column":31}},"type":"binary-expr","locations":[{"start":{"line":474,"column":8},"end":{"line":474,"column":31}},{"start":{"line":474,"column":31},"end":{"line":474,"column":46}}]},"67":{"loc":{"start":{"line":496,"column":8},"end":{"line":535,"column":null}},"type":"if","locations":[{"start":{"line":496,"column":8},"end":{"line":535,"column":null}},{"start":{"line":496,"column":8},"end":{"line":535,"column":null}}]},"68":{"loc":{"start":{"line":508,"column":12},"end":{"line":524,"column":null}},"type":"if","locations":[{"start":{"line":508,"column":12},"end":{"line":524,"column":null}},{"start":{"line":508,"column":12},"end":{"line":524,"column":null}}]},"69":{"loc":{"start":{"line":512,"column":16},"end":{"line":517,"column":null}},"type":"if","locations":[{"start":{"line":512,"column":16},"end":{"line":517,"column":null}},{"start":{"line":512,"column":16},"end":{"line":517,"column":null}}]},"70":{"loc":{"start":{"line":530,"column":12},"end":{"line":532,"column":null}},"type":"if","locations":[{"start":{"line":530,"column":12},"end":{"line":532,"column":null}},{"start":{"line":530,"column":12},"end":{"line":532,"column":null}}]},"71":{"loc":{"start":{"line":533,"column":15},"end":{"line":535,"column":null}},"type":"if","locations":[{"start":{"line":533,"column":15},"end":{"line":535,"column":null}},{"start":{"line":533,"column":15},"end":{"line":535,"column":null}}]},"72":{"loc":{"start":{"line":541,"column":4},"end":{"line":562,"column":null}},"type":"if","locations":[{"start":{"line":541,"column":4},"end":{"line":562,"column":null}},{"start":{"line":541,"column":4},"end":{"line":562,"column":null}}]},"73":{"loc":{"start":{"line":542,"column":8},"end":{"line":544,"column":null}},"type":"if","locations":[{"start":{"line":542,"column":8},"end":{"line":544,"column":null}},{"start":{"line":542,"column":8},"end":{"line":544,"column":null}}]},"74":{"loc":{"start":{"line":546,"column":12},"end":{"line":548,"column":null}},"type":"if","locations":[{"start":{"line":546,"column":12},"end":{"line":548,"column":null}},{"start":{"line":546,"column":12},"end":{"line":548,"column":null}}]},"75":{"loc":{"start":{"line":551,"column":11},"end":{"line":562,"column":null}},"type":"if","locations":[{"start":{"line":551,"column":11},"end":{"line":562,"column":null}},{"start":{"line":551,"column":11},"end":{"line":562,"column":null}}]},"76":{"loc":{"start":{"line":555,"column":27},"end":{"line":555,"column":36}},"type":"cond-expr","locations":[{"start":{"line":555,"column":27},"end":{"line":555,"column":36}},{"start":{"line":555,"column":43},"end":{"line":555,"column":null}}]},"77":{"loc":{"start":{"line":571,"column":4},"end":{"line":573,"column":null}},"type":"if","locations":[{"start":{"line":571,"column":4},"end":{"line":573,"column":null}},{"start":{"line":571,"column":4},"end":{"line":573,"column":null}}]},"78":{"loc":{"start":{"line":584,"column":4},"end":{"line":587,"column":null}},"type":"if","locations":[{"start":{"line":584,"column":4},"end":{"line":587,"column":null}},{"start":{"line":584,"column":4},"end":{"line":587,"column":null}}]},"79":{"loc":{"start":{"line":588,"column":4},"end":{"line":590,"column":null}},"type":"if","locations":[{"start":{"line":588,"column":4},"end":{"line":590,"column":null}},{"start":{"line":588,"column":4},"end":{"line":590,"column":null}}]},"80":{"loc":{"start":{"line":588,"column":8},"end":{"line":588,"column":17}},"type":"binary-expr","locations":[{"start":{"line":588,"column":8},"end":{"line":588,"column":17}},{"start":{"line":588,"column":30},"end":{"line":588,"column":35}}]},"81":{"loc":{"start":{"line":591,"column":4},"end":{"line":593,"column":null}},"type":"if","locations":[{"start":{"line":591,"column":4},"end":{"line":593,"column":null}},{"start":{"line":591,"column":4},"end":{"line":593,"column":null}}]},"82":{"loc":{"start":{"line":591,"column":8},"end":{"line":591,"column":26}},"type":"binary-expr","locations":[{"start":{"line":591,"column":8},"end":{"line":591,"column":26}},{"start":{"line":591,"column":26},"end":{"line":591,"column":48}},{"start":{"line":591,"column":48},"end":{"line":591,"column":65}}]},"83":{"loc":{"start":{"line":594,"column":11},"end":{"line":594,"column":19}},"type":"binary-expr","locations":[{"start":{"line":594,"column":11},"end":{"line":594,"column":19}},{"start":{"line":594,"column":23},"end":{"line":594,"column":null}}]}},"s":{"0":3,"1":3,"2":3,"3":3,"4":32,"5":0,"6":66,"7":3,"8":0,"9":0,"10":22,"11":0,"12":22,"13":0,"14":0,"15":22,"16":0,"17":0,"18":22,"19":22,"20":0,"21":22,"22":22,"23":0,"24":0,"25":0,"26":0,"27":0,"28":22,"29":22,"30":0,"31":22,"32":3,"33":0,"34":0,"35":0,"36":0,"37":0,"38":0,"39":0,"40":0,"41":0,"42":0,"43":0,"44":0,"45":0,"46":0,"47":0,"48":0,"49":0,"50":0,"51":0,"52":0,"53":0,"54":0,"55":0,"56":0,"57":0,"58":0,"59":0,"60":0,"61":0,"62":0,"63":0,"64":0,"65":0,"66":0,"67":0,"68":0,"69":0,"70":0,"71":0,"72":0,"73":0,"74":0,"75":0,"76":0,"77":0,"78":0,"79":0,"80":0,"81":0,"82":0,"83":0,"84":0,"85":0,"86":0,"87":0,"88":0,"89":0,"90":0,"91":0,"92":0,"93":0,"94":0,"95":0,"96":0,"97":0,"98":0,"99":0,"100":0,"101":0,"102":0,"103":0,"104":0,"105":0,"106":0,"107":0,"108":0,"109":0,"110":0,"111":0,"112":0,"113":0,"114":0,"115":0,"116":0,"117":0,"118":0,"119":0,"120":0,"121":0,"122":0,"123":0,"124":0,"125":0,"126":3,"127":0,"128":0,"129":0,"130":0,"131":0,"132":0,"133":0,"134":0,"135":0,"136":0,"137":0,"138":0,"139":0,"140":0,"141":0,"142":0,"143":0,"144":0,"145":0,"146":0,"147":0,"148":0,"149":0,"150":0,"151":0,"152":0,"153":0,"154":0,"155":0,"156":0,"157":0,"158":0,"159":0,"160":0,"161":0,"162":0,"163":0,"164":0,"165":0,"166":0,"167":0,"168":0,"169":0,"170":0,"171":0,"172":0,"173":0,"174":0,"175":0,"176":0,"177":0,"178":0,"179":0,"180":0,"181":0,"182":0,"183":0,"184":0,"185":0,"186":0,"187":0,"188":0,"189":0,"190":0,"191":0,"192":0,"193":0,"194":0},"f":{"0":32,"1":0,"2":66,"3":0,"4":22,"5":0,"6":22,"7":0,"8":0,"9":0,"10":0,"11":0,"12":0,"13":0,"14":0,"15":0,"16":0,"17":0,"18":0,"19":0,"20":0,"21":0,"22":0,"23":0,"24":0,"25":0,"26":0,"27":0,"28":0,"29":0,"30":0,"31":0},"b":{"0":[32,30,30],"1":[0,0],"2":[0],"3":[0],"4":[0,22],"5":[0,22],"6":[0,22],"7":[22,0],"8":[0],"9":[10],"10":[0,22],"11":[0,22],"12":[22,0],"13":[0,22],"14":[0],"15":[0],"16":[0,0],"17":[0,0],"18":[0,0],"19":[0],"20":[0,0],"21":[0,0],"22":[0,0],"23":[0],"24":[0,0],"25":[0,0],"26":[0,0],"27":[0,0],"28":[0,0],"29":[0,0],"30":[0,0],"31":[0,0],"32":[0,0],"33":[0,0],"34":[0,0],"35":[0,0],"36":[0,0],"37":[0,0],"38":[0,0],"39":[0,0],"40":[0,0],"41":[0,0],"42":[0,0,0],"43":[0,0],"44":[0,0,0,0,0,0,0],"45":[0,0],"46":[0,0],"47":[0,0],"48":[0,0],"49":[0,0],"50":[0,0,0],"51":[0,0],"52":[0,0,0],"53":[0,0],"54":[0,0],"55":[0,0],"56":[0,0],"57":[0,0],"58":[0,0],"59":[0,0,0],"60":[0],"61":[0,0],"62":[0,0],"63":[0,0],"64":[0],"65":[0,0],"66":[0,0],"67":[0,0],"68":[0,0],"69":[0,0],"70":[0,0],"71":[0,0],"72":[0,0],"73":[0,0],"74":[0,0],"75":[0,0],"76":[0,0],"77":[0,0],"78":[0,0],"79":[0,0],"80":[0,0],"81":[0,0],"82":[0,0,0],"83":[0,0]}}
,"D:\\web\\vue3-json-schema-form\\lib\\validator.ts": {"path":"D:\\web\\vue3-json-schema-form\\lib\\validator.ts","statementMap":{"0":{"start":{"line":7,"column":0},"end":{"line":7,"column":null}},"1":{"start":{"line":4,"column":13},"end":{"line":4,"column":21}},"2":{"start":{"line":35,"column":4},"end":{"line":35,"column":34}},"3":{"start":{"line":35,"column":27},"end":{"line":35,"column":34}},"4":{"start":{"line":37,"column":4},"end":{"line":37,"column":11}},"5":{"start":{"line":38,"column":43},"end":{"line":38,"column":null}},"6":{"start":{"line":43,"column":21},"end":{"line":43,"column":29}},"7":{"start":{"line":44,"column":21},"end":{"line":44,"column":null}},"8":{"start":{"line":48,"column":8},"end":{"line":50,"column":null}},"9":{"start":{"line":49,"column":12},"end":{"line":49,"column":16}},"10":{"start":{"line":58,"column":8},"end":{"line":63,"column":null}},"11":{"start":{"line":59,"column":12},"end":{"line":61,"column":null}},"12":{"start":{"line":60,"column":18},"end":{"line":60,"column":32}},"13":{"start":{"line":62,"column":12},"end":{"line":62,"column":18}},"14":{"start":{"line":70,"column":8},"end":{"line":76,"column":null}},"15":{"start":{"line":71,"column":12},"end":{"line":71,"column":18}},"16":{"start":{"line":73,"column":12},"end":{"line":75,"column":null}},"17":{"start":{"line":74,"column":16},"end":{"line":74,"column":22}},"18":{"start":{"line":78,"column":8},"end":{"line":78,"column":15}},"19":{"start":{"line":85,"column":4},"end":{"line":85,"column":56}},"20":{"start":{"line":85,"column":49},"end":{"line":85,"column":56}},"21":{"start":{"line":94,"column":4},"end":{"line":94,"column":11}},"22":{"start":{"line":95,"column":8},"end":{"line":95,"column":15}},"23":{"start":{"line":112,"column":26},"end":{"line":112,"column":null}},"24":{"start":{"line":113,"column":4},"end":{"line":117,"column":null}},"25":{"start":{"line":114,"column":8},"end":{"line":114,"column":17}},"26":{"start":{"line":116,"column":8},"end":{"line":116,"column":23}},"27":{"start":{"line":119,"column":4},"end":{"line":119,"column":8}},"28":{"start":{"line":120,"column":17},"end":{"line":120,"column":33}},"29":{"start":{"line":122,"column":4},"end":{"line":129,"column":null}},"30":{"start":{"line":123,"column":8},"end":{"line":123,"column":14}},"31":{"start":{"line":131,"column":24},"end":{"line":131,"column":38}},"32":{"start":{"line":133,"column":4},"end":{"line":139,"column":null}},"33":{"start":{"line":134,"column":8},"end":{"line":134,"column":15}},"34":{"start":{"line":141,"column":18},"end":{"line":141,"column":null}},"35":{"start":{"line":142,"column":4},"end":{"line":142,"column":10}},"36":{"start":{"line":143,"column":27},"end":{"line":143,"column":41}},"37":{"start":{"line":144,"column":22},"end":{"line":144,"column":34}},"38":{"start":{"line":146,"column":4},"end":{"line":146,"column":11}},"39":{"start":{"line":154,"column":16},"end":{"line":154,"column":null}},"40":{"start":{"line":155,"column":4},"end":{"line":155,"column":11}},"41":{"start":{"line":157,"column":12},"end":{"line":166,"column":null}},"42":{"start":{"line":158,"column":16},"end":{"line":158,"column":23}},"43":{"start":{"line":159,"column":37},"end":{"line":159,"column":44}},"44":{"start":{"line":160,"column":20},"end":{"line":164,"column":null}},"45":{"start":{"line":161,"column":24},"end":{"line":161,"column":32}},"46":{"start":{"line":163,"column":26},"end":{"line":163,"column":40}},"47":{"start":{"line":168,"column":24},"end":{"line":168,"column":31}},"48":{"start":{"line":169,"column":12},"end":{"line":173,"column":null}},"49":{"start":{"line":170,"column":31},"end":{"line":170,"column":null}},"50":{"start":{"line":171,"column":18},"end":{"line":171,"column":32}},"51":{"start":{"line":172,"column":16},"end":{"line":172,"column":23}},"52":{"start":{"line":174,"column":12},"end":{"line":174,"column":19}},"53":{"start":{"line":181,"column":24},"end":{"line":181,"column":30}},"54":{"start":{"line":182,"column":4},"end":{"line":182,"column":11}},"55":{"start":{"line":183,"column":21},"end":{"line":183,"column":null}},"56":{"start":{"line":184,"column":22},"end":{"line":184,"column":27}},"57":{"start":{"line":185,"column":8},"end":{"line":195,"column":null}},"58":{"start":{"line":186,"column":12},"end":{"line":186,"column":23}},"59":{"start":{"line":187,"column":15},"end":{"line":195,"column":null}},"60":{"start":{"line":192,"column":12},"end":{"line":192,"column":23}},"61":{"start":{"line":194,"column":12},"end":{"line":194,"column":23}},"62":{"start":{"line":196,"column":8},"end":{"line":196,"column":15}},"63":{"start":{"line":202,"column":46},"end":{"line":202,"column":null}},"64":{"start":{"line":203,"column":4},"end":{"line":211,"column":null}},"65":{"start":{"line":204,"column":8},"end":{"line":204,"column":17}},"66":{"start":{"line":206,"column":16},"end":{"line":206,"column":23}},"67":{"start":{"line":212,"column":4},"end":{"line":212,"column":11}},"68":{"start":{"line":213,"column":8},"end":{"line":215,"column":null}},"69":{"start":{"line":214,"column":12},"end":{"line":214,"column":15}},"70":{"start":{"line":216,"column":8},"end":{"line":216,"column":15}}},"fnMap":{"0":{"name":"toErrorSchema","decl":{"start":{"line":34,"column":9},"end":{"line":34,"column":23}},"loc":{"start":{"line":34,"column":55},"end":{"line":80,"column":null}}},"1":{"name":"(anonymous_1)","decl":{"start":{"line":37,"column":25},"end":{"line":37,"column":26}},"loc":{"start":{"line":37,"column":48},"end":{"line":79,"column":7}}},"2":{"name":"transformErrors","decl":{"start":{"line":82,"column":9},"end":{"line":82,"column":null}},"loc":{"start":{"line":83,"column":44},"end":{"line":103,"column":null}}},"3":{"name":"(anonymous_3)","decl":{"start":{"line":94,"column":22},"end":{"line":94,"column":23}},"loc":{"start":{"line":94,"column":77},"end":{"line":102,"column":null}}},"4":{"name":"validateFormData","decl":{"start":{"line":105,"column":22},"end":{"line":105,"column":null}},"loc":{"start":{"line":110,"column":53},"end":{"line":151,"column":null}}},"5":{"name":"createErrorProxy","decl":{"start":{"line":153,"column":9},"end":{"line":153,"column":25}},"loc":{"start":{"line":153,"column":25},"end":{"line":177,"column":null}}},"6":{"name":"(anonymous_6)","decl":{"start":{"line":156,"column":8},"end":{"line":156,"column":11}},"loc":{"start":{"line":156,"column":33},"end":{"line":175,"column":null}}},"7":{"name":"(anonymous_7)","decl":{"start":{"line":158,"column":24},"end":{"line":158,"column":39}},"loc":{"start":{"line":158,"column":39},"end":{"line":165,"column":null}}},"8":{"name":"mergetObjects","decl":{"start":{"line":179,"column":16},"end":{"line":179,"column":30}},"loc":{"start":{"line":179,"column":72},"end":{"line":198,"column":null}}},"9":{"name":"(anonymous_9)","decl":{"start":{"line":182,"column":36},"end":{"line":182,"column":37}},"loc":{"start":{"line":182,"column":57},"end":{"line":197,"column":7}}},"10":{"name":"toErrorList","decl":{"start":{"line":200,"column":16},"end":{"line":200,"column":28}},"loc":{"start":{"line":200,"column":72},"end":{"line":218,"column":null}}},"11":{"name":"(anonymous_11)","decl":{"start":{"line":205,"column":45},"end":{"line":205,"column":50}},"loc":{"start":{"line":205,"column":53},"end":{"line":209,"column":null}}},"12":{"name":"(anonymous_12)","decl":{"start":{"line":212,"column":43},"end":{"line":212,"column":44}},"loc":{"start":{"line":212,"column":56},"end":{"line":217,"column":7}}}},"branchMap":{"0":{"loc":{"start":{"line":35,"column":4},"end":{"line":35,"column":34}},"type":"if","locations":[{"start":{"line":35,"column":4},"end":{"line":35,"column":34}},{"start":{"line":35,"column":4},"end":{"line":35,"column":34}}]},"1":{"loc":{"start":{"line":38,"column":27},"end":{"line":38,"column":31}},"type":"default-arg","locations":[{"start":{"line":38,"column":27},"end":{"line":38,"column":31}}]},"2":{"loc":{"start":{"line":48,"column":8},"end":{"line":50,"column":null}},"type":"if","locations":[{"start":{"line":48,"column":8},"end":{"line":50,"column":null}},{"start":{"line":48,"column":8},"end":{"line":50,"column":null}}]},"3":{"loc":{"start":{"line":48,"column":12},"end":{"line":48,"column":31}},"type":"binary-expr","locations":[{"start":{"line":48,"column":12},"end":{"line":48,"column":31}},{"start":{"line":48,"column":31},"end":{"line":48,"column":47}}]},"4":{"loc":{"start":{"line":59,"column":12},"end":{"line":61,"column":null}},"type":"if","locations":[{"start":{"line":59,"column":12},"end":{"line":61,"column":null}},{"start":{"line":59,"column":12},"end":{"line":61,"column":null}}]},"5":{"loc":{"start":{"line":70,"column":8},"end":{"line":76,"column":null}},"type":"if","locations":[{"start":{"line":70,"column":8},"end":{"line":76,"column":null}},{"start":{"line":70,"column":8},"end":{"line":76,"column":null}}]},"6":{"loc":{"start":{"line":71,"column":53},"end":{"line":71,"column":60}},"type":"binary-expr","locations":[{"start":{"line":71,"column":53},"end":{"line":71,"column":60}},{"start":{"line":71,"column":64},"end":{"line":71,"column":null}}]},"7":{"loc":{"start":{"line":73,"column":12},"end":{"line":75,"column":null}},"type":"if","locations":[{"start":{"line":73,"column":12},"end":{"line":75,"column":null}},{"start":{"line":73,"column":12},"end":{"line":75,"column":null}}]},"8":{"loc":{"start":{"line":85,"column":4},"end":{"line":85,"column":56}},"type":"if","locations":[{"start":{"line":85,"column":4},"end":{"line":85,"column":56}},{"start":{"line":85,"column":4},"end":{"line":85,"column":56}}]},"9":{"loc":{"start":{"line":85,"column":8},"end":{"line":85,"column":27}},"type":"binary-expr","locations":[{"start":{"line":85,"column":8},"end":{"line":85,"column":27}},{"start":{"line":85,"column":27},"end":{"line":85,"column":49}}]},"10":{"loc":{"start":{"line":109,"column":13},"end":{"line":109,"column":null}},"type":"default-arg","locations":[{"start":{"line":109,"column":13},"end":{"line":109,"column":null}}]},"11":{"loc":{"start":{"line":122,"column":4},"end":{"line":129,"column":null}},"type":"if","locations":[{"start":{"line":122,"column":4},"end":{"line":129,"column":null}},{"start":{"line":122,"column":4},"end":{"line":129,"column":null}}]},"12":{"loc":{"start":{"line":133,"column":4},"end":{"line":139,"column":null}},"type":"if","locations":[{"start":{"line":133,"column":4},"end":{"line":139,"column":null}},{"start":{"line":133,"column":4},"end":{"line":139,"column":null}}]},"13":{"loc":{"start":{"line":157,"column":12},"end":{"line":166,"column":null}},"type":"if","locations":[{"start":{"line":157,"column":12},"end":{"line":166,"column":null}},{"start":{"line":157,"column":12},"end":{"line":166,"column":null}}]},"14":{"loc":{"start":{"line":160,"column":20},"end":{"line":164,"column":null}},"type":"if","locations":[{"start":{"line":160,"column":20},"end":{"line":164,"column":null}},{"start":{"line":160,"column":20},"end":{"line":164,"column":null}}]},"15":{"loc":{"start":{"line":160,"column":24},"end":{"line":160,"column":32}},"type":"binary-expr","locations":[{"start":{"line":160,"column":24},"end":{"line":160,"column":32}},{"start":{"line":160,"column":36},"end":{"line":160,"column":41}}]},"16":{"loc":{"start":{"line":169,"column":12},"end":{"line":173,"column":null}},"type":"if","locations":[{"start":{"line":169,"column":12},"end":{"line":173,"column":null}},{"start":{"line":169,"column":12},"end":{"line":173,"column":null}}]},"17":{"loc":{"start":{"line":179,"column":67},"end":{"line":179,"column":72}},"type":"default-arg","locations":[{"start":{"line":179,"column":67},"end":{"line":179,"column":72}}]},"18":{"loc":{"start":{"line":183,"column":28},"end":{"line":183,"column":33}},"type":"cond-expr","locations":[{"start":{"line":183,"column":28},"end":{"line":183,"column":33}},{"start":{"line":183,"column":40},"end":{"line":183,"column":null}}]},"19":{"loc":{"start":{"line":185,"column":8},"end":{"line":195,"column":null}},"type":"if","locations":[{"start":{"line":185,"column":8},"end":{"line":195,"column":null}},{"start":{"line":185,"column":8},"end":{"line":195,"column":null}}]},"20":{"loc":{"start":{"line":185,"column":12},"end":{"line":185,"column":16}},"type":"binary-expr","locations":[{"start":{"line":185,"column":12},"end":{"line":185,"column":16}},{"start":{"line":185,"column":20},"end":{"line":185,"column":24}},{"start":{"line":185,"column":48},"end":{"line":185,"column":57}}]},"21":{"loc":{"start":{"line":187,"column":15},"end":{"line":195,"column":null}},"type":"if","locations":[{"start":{"line":187,"column":15},"end":{"line":195,"column":null}},{"start":{"line":187,"column":15},"end":{"line":195,"column":null}}]},"22":{"loc":{"start":{"line":188,"column":12},"end":{"line":188,"column":24}},"type":"binary-expr","locations":[{"start":{"line":188,"column":12},"end":{"line":188,"column":24}},{"start":{"line":189,"column":12},"end":{"line":189,"column":17}},{"start":{"line":190,"column":12},"end":{"line":190,"column":17}}]},"23":{"loc":{"start":{"line":200,"column":66},"end":{"line":200,"column":72}},"type":"default-arg","locations":[{"start":{"line":200,"column":66},"end":{"line":200,"column":72}}]},"24":{"loc":{"start":{"line":203,"column":4},"end":{"line":211,"column":null}},"type":"if","locations":[{"start":{"line":203,"column":4},"end":{"line":211,"column":null}},{"start":{"line":203,"column":4},"end":{"line":211,"column":null}}]},"25":{"loc":{"start":{"line":205,"column":13},"end":{"line":205,"column":37}},"type":"binary-expr","locations":[{"start":{"line":205,"column":13},"end":{"line":205,"column":37}},{"start":{"line":205,"column":37},"end":{"line":205,"column":41}}]},"26":{"loc":{"start":{"
[...]
,"D:\\web\\vue3-json-schema-form\\lib\\fields\\ObjectField.tsx": {"path":"D:\\web\\vue3-json-schema-form\\lib\\fields\\ObjectField.tsx","statementMap":{"0":{"start":{"line":1,"column":0},"end":{"line":1,"column":null}},"1":{"start":{"line":3,"column":0},"end":{"line":3,"column":null}},"2":{"start":{"line":4,"column":0},"end":{"line":4,"column":null}},"3":{"start":{"line":5,"column":0},"end":{"line":5,"column":null}},"4":{"start":{"line":7,"column":15},"end":{"line":7,"column":31}},"5":{"start":{"line":11,"column":28},"end":{"line":11,"column":null}},"6":{"start":{"line":13,"column":40},"end":{"line":23,"column":null}},"7":{"start":{"line":14,"column":31},"end":{"line":14,"column":null}},"8":{"start":{"line":15,"column":12},"end":{"line":15,"column":19}},"9":{"start":{"line":16,"column":12},"end":{"line":20,"column":null}},"10":{"start":{"line":17,"column":16},"end":{"line":17,"column":23}},"11":{"start":{"line":19,"column":16},"end":{"line":19,"column":21}},"12":{"start":{"line":22,"column":12},"end":{"line":22,"column":17}},"13":{"start":{"line":25,"column":8},"end":{"line":25,"column":15}},"14":{"start":{"line":26,"column":73},"end":{"line":26,"column":null}},"15":{"start":{"line":27,"column":35},"end":{"line":27,"column":null}},"16":{"start":{"line":28,"column":31},"end":{"line":28,"column":null}},"17":{"start":{"line":29,"column":38},"end":{"line":29,"column":null}},"18":{"start":{"line":31,"column":12},"end":{"line":31,"column":19}},"19":{"start":{"line":32,"column":16},"end":{"line":32,"column":null}},"20":{"start":{"line":38,"column":46},"end":{"line":38,"column":70}}},"fnMap":{"0":{"name":"(anonymous_0)","decl":{"start":{"line":10,"column":4},"end":{"line":10,"column":9}},"loc":{"start":{"line":10,"column":15},"end":{"line":49,"column":null}}},"1":{"name":"(anonymous_1)","decl":{"start":{"line":13,"column":40},"end":{"line":13,"column":41}},"loc":{"start":{"line":13,"column":64},"end":{"line":23,"column":null}}},"2":{"name":"(anonymous_2)","decl":{"start":{"line":25,"column":15},"end":{"line":25,"column":20}},"loc":{"start":{"line":25,"column":20},"end":{"line":48,"column":null}}},"3":{"name":"(anonymous_3)","decl":{"start":{"line":31,"column":47},"end":{"line":31,"column":48}},"loc":{"start":{"line":31,"column":76},"end":{"line":47,"column":null}}},"4":{"name":"(anonymous_4)","decl":{"start":{"line":38,"column":35},"end":{"line":38,"column":46}},"loc":{"start":{"line":38,"column":46},"end":{"line":38,"column":70}}}},"branchMap":{"0":{"loc":{"start":{"line":14,"column":55},"end":{"line":14,"column":69}},"type":"cond-expr","locations":[{"start":{"line":14,"column":55},"end":{"line":14,"column":69}},{"start":{"line":14,"column":69},"end":{"line":14,"column":null}}]},"1":{"loc":{"start":{"line":16,"column":12},"end":{"line":20,"column":null}},"type":"if","locations":[{"start":{"line":16,"column":12},"end":{"line":20,"column":null}},{"start":{"line":16,"column":12},"end":{"line":20,"column":null}}]},"2":{"loc":{"start":{"line":28,"column":31},"end":{"line":28,"column":52}},"type":"binary-expr","locations":[{"start":{"line":28,"column":31},"end":{"line":28,"column":52}},{"start":{"line":28,"column":52},"end":{"line":28,"column":null}}]},"3":{"loc":{"start":{"line":29,"column":56},"end":{"line":29,"column":64}},"type":"cond-expr","locations":[{"start":{"line":29,"column":56},"end":{"line":29,"column":64}},{"start":{"line":29,"column":64},"end":{"line":29,"column":null}}]},"4":{"loc":{"start":{"line":39,"column":37},"end":{"line":39,"column":49}},"type":"binary-expr","locations":[{"start":{"line":39,"column":37},"end":{"line":39,"column":49}},{"start":{"line":39,"column":55},"end":{"line":39,"column":null}}]},"5":{"loc":{"start":{"line":42,"column":34},"end":{"line":42,"column":null}},"type":"cond-expr","locations":[{"start":{"line":42,"column":34},"end":{"line":42,"column":null}},{"start":{"line":43,"column":34},"end":{"line":43,"column":null}}]},"6":{"loc":{"start":{"line":42,"column":34},"end":{"line":42,"column":42}},"type":"binary-expr","locations":[{"start":{"line":42,"column":34},"end":{"line":42,"column":42}},{"start":{"line":42,"column":60},"end":{"line":42,"column":null}}]}},"s":{"0":3,"1":3,"2":3,"3":3,"4":3,"5":4,"6":4,"7":4,"8":4,"9":4,"10":1,"11":3,"12":4,"13":4,"14":6,"15":6,"16":6,"17":6,"18":6,"19":12,"20":4},"f":{"0":4,"1":4,"2":6,"3":12,"4":4},"b":{"0":[3,1],"1":[1,3],"2":[6,0],"3":[5,1],"4":[12,12],"5":[0,12],"6":[0,0]}}
,"D:\\web\\vue3-json-schema-form\\lib\\fields\\StringField.tsx": {"path":"D:\\web\\vue3-json-schema-form\\lib\\fields\\StringField.tsx","statementMap":{"0":{"start":{"line":2,"column":0},"end":{"line":2,"column":null}},"1":{"start":{"line":1,"column":0},"end":{"line":1,"column":null}},"2":{"start":{"line":4,"column":15},"end":{"line":4,"column":31}},"3":{"start":{"line":8,"column":30},"end":{"line":10,"column":null}},"4":{"start":{"line":9,"column":12},"end":{"line":9,"column":17}},"5":{"start":{"line":16,"column":8},"end":{"line":16,"column":15}},"6":{"start":{"line":17,"column":38},"end":{"line":17,"column":null}},"7":{"start":{"line":18,"column":12},"end":{"line":18,"column":null}}},"fnMap":{"0":{"name":"(anonymous_0)","decl":{"start":{"line":7,"column":4},"end":{"line":7,"column":9}},"loc":{"start":{"line":7,"column":15},"end":{"line":26,"column":null}}},"1":{"name":"(anonymous_1)","decl":{"start":{"line":8,"column":30},"end":{"line":8,"column":40}},"loc":{"start":{"line":8,"column":40},"end":{"line":10,"column":null}}},"2":{"name":"(anonymous_2)","decl":{"start":{"line":16,"column":15},"end":{"line":16,"column":20}},"loc":{"start":{"line":16,"column":20},"end":{"line":25,"column":null}}}},"branchMap":{},"s":{"0":3,"1":3,"2":3,"3":7,"4":0,"5":7,"6":9,"7":9},"f":{"0":7,"1":0,"2":9},"b":{}}
,"D:\\web\\vue3-json-schema-form\\lib\\theme-default\\FormItem.tsx": {"path":"D:\\web\\vue3-json-schema-form\\lib\\theme-default\\FormItem.tsx","statementMap":{"0":{"start":{"line":1,"column":0},"end":{"line":1,"column":null}},"1":{"start":{"line":2,"column":0},"end":{"line":2,"column":null}},"2":{"start":{"line":4,"column":0},"end":{"line":4,"column":null}},"3":{"start":{"line":6,"column":18},"end":{"line":6,"column":34}},"4":{"start":{"line":21,"column":17},"end":{"line":21,"column":33}},"5":{"start":{"line":25,"column":27},"end":{"line":25,"column":null}},"6":{"start":{"line":27,"column":8},"end":{"line":27,"column":15}},"7":{"start":{"line":28,"column":28},"end":{"line":28,"column":null}},"8":{"start":{"line":29,"column":39},"end":{"line":29,"column":null}},"9":{"start":{"line":31,"column":12},"end":{"line":31,"column":null}},"10":{"start":{"line":36,"column":40},"end":{"line":36,"column":null}},"11":{"start":{"line":46,"column":15},"end":{"line":46,"column":null}},"12":{"start":{"line":50,"column":4},"end":{"line":50,"column":11}},"13":{"start":{"line":54,"column":12},"end":{"line":54,"column":19}},"14":{"start":{"line":55,"column":16},"end":{"line":55,"column":null}}},"fnMap":{"0":{"name":"(anonymous_0)","decl":{"start":{"line":24,"column":4},"end":{"line":24,"column":9}},"loc":{"start":{"line":24,"column":26},"end":{"line":43,"column":null}}},"1":{"name":"(anonymous_1)","decl":{"start":{"line":27,"column":15},"end":{"line":27,"column":20}},"loc":{"start":{"line":27,"column":20},"end":{"line":42,"column":null}}},"2":{"name":"(anonymous_2)","decl":{"start":{"line":36,"column":37},"end":{"line":36,"column":40}},"loc":{"start":{"line":36,"column":40},"end":{"line":36,"column":null}}},"3":{"name":"withFormItem","decl":{"start":{"line":49,"column":16},"end":{"line":49,"column":29}},"loc":{"start":{"line":49,"column":40},"end":{"line":63,"column":null}}},"4":{"name":"(anonymous_4)","decl":{"start":{"line":53,"column":8},"end":{"line":53,"column":13}},"loc":{"start":{"line":53,"column":30},"end":{"line":61,"column":null}}},"5":{"name":"(anonymous_5)","decl":{"start":{"line":54,"column":19},"end":{"line":54,"column":24}},"loc":{"start":{"line":54,"column":24},"end":{"line":60,"column":null}}},"6":{"name":"(anonymous_6)","decl":{"start":{"line":55,"column":16},"end":{"line":55,"column":null}},"loc":{"start":{"line":55,"column":16},"end":{"line":55,"column":null}}}},"branchMap":{"0":{"loc":{"start":{"line":34,"column":21},"end":{"line":34,"column":38}},"type":"binary-expr","locations":[{"start":{"line":34,"column":21},"end":{"line":34,"column":38}},{"start":{"line":34,"column":38},"end":{"line":34,"column":43}}]}},"s":{"0":3,"1":3,"2":3,"3":3,"4":3,"5":7,"6":7,"7":8,"8":8,"9":8,"10":0,"11":3,"12":9,"13":7,"14":16},"f":{"0":7,"1":8,"2":0,"3":9,"4":7,"5":8,"6":8},"b":{"0":[8,8]}}
,"D:\\web\\vue3-json-schema-form\\lib\\theme-default\\NumberWidget.tsx": {"path":"D:\\web\\vue3-json-schema-form\\lib\\theme-default\\NumberWidget.tsx","statementMap":{"0":{"start":{"line":1,"column":0},"end":{"line":1,"column":null}},"1":{"start":{"line":2,"column":0},"end":{"line":2,"column":null}},"2":{"start":{"line":3,"column":0},"end":{"line":3,"column":null}},"3":{"start":{"line":5,"column":21},"end":{"line":5,"column":null}},"4":{"start":{"line":10,"column":34},"end":{"line":17,"column":null}},"5":{"start":{"line":11,"column":26},"end":{"line":11,"column":null}},"6":{"start":{"line":12,"column":16},"end":{"line":12,"column":17}},"7":{"start":{"line":13,"column":30},"end":{"line":13,"column":37}},"8":{"start":{"line":14,"column":16},"end":{"line":14,"column":22}},"9":{"start":{"line":19,"column":12},"end":{"line":19,"column":19}},"10":{"start":{"line":20,"column":34},"end":{"line":20,"column":null}},"11":{"start":{"line":21,"column":16},"end":{"line":21,"column":null}},"12":{"start":{"line":33,"column":15},"end":{"line":33,"column":null}}},"fnMap":{"0":{"name":"(anonymous_0)","decl":{"start":{"line":9,"column":8},"end":{"line":9,"column":13}},"loc":{"start":{"line":9,"column":19},"end":{"line":29,"column":null}}},"1":{"name":"(anonymous_1)","decl":{"start":{"line":10,"column":34},"end":{"line":10,"column":44}},"loc":{"start":{"line":10,"column":44},"end":{"line":17,"column":null}}},"2":{"name":"(anonymous_2)","decl":{"start":{"line":19,"column":19},"end":{"line":19,"column":24}},"loc":{"start":{"line":19,"column":24},"end":{"line":28,"column":null}}}},"branchMap":{"0":{"loc":{"start":{"line":15,"column":22},"end":{"line":15,"column":27}},"type":"cond-expr","locations":[{"start":{"line":15,"column":22},"end":{"line":15,"column":27}},{"start":{"line":16,"column":22},"end":{"line":16,"column":27}}]}},"s":{"0":3,"1":3,"2":3,"3":3,"4":6,"5":1,"6":1,"7":1,"8":1,"9":6,"10":7,"11":7,"12":3},"f":{"0":6,"1":1,"2":7},"b":{"0":[0,1]}}
,"D:\\web\\vue3-json-schema-form\\lib\\theme-default\\SelectionWidget.tsx": {"path":"D:\\web\\vue3-json-schema-form\\lib\\theme-default\\SelectionWidget.tsx","statementMap":{"0":{"start":{"line":1,"column":0},"end":{"line":1,"column":null}},"1":{"start":{"line":2,"column":0},"end":{"line":2,"column":null}},"2":{"start":{"line":3,"column":0},"end":{"line":3,"column":null}},"3":{"start":{"line":5,"column":24},"end":{"line":5,"column":null}},"4":{"start":{"line":10,"column":36},"end":{"line":10,"column":40}},"5":{"start":{"line":12,"column":12},"end":{"line":12,"column":18}},"6":{"start":{"line":13,"column":16},"end":{"line":13,"column":40}},"7":{"start":{"line":13,"column":35},"end":{"line":13,"column":40}},"8":{"start":{"line":16,"column":12},"end":{"line":16,"column":null}},"9":{"start":{"line":17,"column":22},"end":{"line":17,"column":null}},"10":{"start":{"line":19,"column":20},"end":{"line":19,"column":68}},"11":{"start":{"line":19,"column":53},"end":{"line":19,"column":68}},"12":{"start":{"line":23,"column":12},"end":{"line":23,"column":19}},"13":{"start":{"line":24,"column":36},"end":{"line":24,"column":null}},"14":{"start":{"line":25,"column":16},"end":{"line":25,"column":null}},"15":{"start":{"line":26,"column":53},"end":{"line":25,"column":null}},"16":{"start":{"line":28,"column":28},"end":{"line":28,"column":50}},"17":{"start":{"line":37,"column":15},"end":{"line":37,"column":null}}},"fnMap":{"0":{"name":"(anonymous_0)","decl":{"start":{"line":9,"column":8},"end":{"line":9,"column":13}},"loc":{"start":{"line":9,"column":19},"end":{"line":33,"column":null}}},"1":{"name":"(anonymous_1)","decl":{"start":{"line":12,"column":35},"end":{"line":12,"column":36}},"loc":{"start":{"line":12,"column":50},"end":{"line":14,"column":null}}},"2":{"name":"(anonymous_2)","decl":{"start":{"line":17,"column":16},"end":{"line":17,"column":22}},"loc":{"start":{"line":17,"column":22},"end":{"line":17,"column":null}}},"3":{"name":"(anonymous_3)","decl":{"start":{"line":18,"column":16},"end":{"line":18,"column":17}},"loc":{"start":{"line":18,"column":20},"end":{"line":20,"column":null}}},"4":{"name":"(anonymous_4)","decl":{"start":{"line":23,"column":19},"end":{"line":23,"column":24}},"loc":{"start":{"line":23,"column":24},"end":{"line":32,"column":null}}},"5":{"name":"(anonymous_5)","decl":{"start":{"line":25,"column":16},"end":{"line":25,"column":null}},"loc":{"start":{"line":26,"column":53},"end":{"line":25,"column":null}}},"6":{"name":"(anonymous_6)","decl":{"start":{"line":27,"column":37},"end":{"line":27,"column":40}},"loc":{"start":{"line":27,"column":43},"end":{"line":29,"column":null}}}},"branchMap":{"0":{"loc":{"start":{"line":10,"column":40},"end":{"line":10,"column":55}},"type":"binary-expr","locations":[{"start":{"line":10,"column":40},"end":{"line":10,"column":55}},{"start":{"line":10,"column":55},"end":{"line":10,"column":null}}]},"1":{"loc":{"start":{"line":13,"column":16},"end":{"line":13,"column":40}},"type":"if","locations":[{"start":{"line":13,"column":16},"end":{"line":13,"column":40}},{"start":{"line":13,"column":16},"end":{"line":13,"column":40}}]},"2":{"loc":{"start":{"line":19,"column":20},"end":{"line":19,"column":68}},"type":"if","locations":[{"start":{"line":19,"column":20},"end":{"line":19,"column":68}},{"start":{"line":19,"column":20},"end":{"line":19,"column":68}}]}},"s":{"0":3,"1":3,"2":3,"3":3,"4":1,"5":1,"6":0,"7":0,"8":1,"9":1,"10":0,"11":0,"12":1,"13":1,"14":1,"15":0,"16":3,"17":3},"f":{"0":1,"1":0,"2":1,"3":0,"4":1,"5":0,"6":3},"b":{"0":[1,0],"1":[0,0],"2":[0,0]}}
,"D:\\web\\vue3-json-schema-form\\lib\\theme-default\\TextWidget.tsx": {"path":"D:\\web\\vue3-json-schema-form\\lib\\theme-default\\TextWidget.tsx","statementMap":{"0":{"start":{"line":1,"column":0},"end":{"line":1,"column":null}},"1":{"start":{"line":2,"column":0},"end":{"line":2,"column":null}},"2":{"start":{"line":3,"column":0},"end":{"line":3,"column":null}},"3":{"start":{"line":5,"column":19},"end":{"line":5,"column":null}},"4":{"start":{"line":10,"column":34},"end":{"line":14,"column":null}},"5":{"start":{"line":11,"column":26},"end":{"line":11,"column":null}},"6":{"start":{"line":12,"column":16},"end":{"line":12,"column":17}},"7":{"start":{"line":13,"column":16},"end":{"line":13,"column":21}},"8":{"start":{"line":16,"column":29},"end":{"line":16,"column":38}},"9":{"start":{"line":17,"column":16},"end":{"line":17,"column":23}},"10":{"start":{"line":22,"column":12},"end":{"line":22,"column":19}},"11":{"start":{"line":23,"column":34},"end":{"line":23,"column":null}},"12":{"start":{"line":24,"column":16},"end":{"line":24,"column":null}},"13":{"start":{"line":37,"column":15},"end":{"line":37,"column":null}}},"fnMap":{"0":{"name":"(anonymous_0)","decl":{"start":{"line":9,"column":8},"end":{"line":9,"column":13}},"loc":{"start":{"line":9,"column":19},"end":{"line":33,"column":null}}},"1":{"name":"(anonymous_1)","decl":{"start":{"line":10,"column":34},"end":{"line":10,"column":44}},"loc":{"start":{"line":10,"column":44},"end":{"line":14,"column":null}}},"2":{"name":"(anonymous_2)","decl":{"start":{"line":16,"column":38},"end":{"line":16,"column":43}},"loc":{"start":{"line":16,"column":43},"end":{"line":20,"column":null}}},"3":{"name":"(anonymous_3)","decl":{"start":{"line":22,"column":19},"end":{"line":22,"column":24}},"loc":{"start":{"line":22,"column":24},"end":{"line":32,"column":null}}}},"branchMap":{"0":{"loc":{"start":{"line":18,"column":28},"end":{"line":18,"column":45}},"type":"binary-expr","locations":[{"start":{"line":18,"column":28},"end":{"line":18,"column":45}},{"start":{"line":18,"column":45},"end":{"line":18,"column":69}},{"start":{"line":18,"column":69},"end":{"line":18,"column":null}}]}},"s":{"0":3,"1":3,"2":3,"3":3,"4":0,"5":0,"6":0,"7":0,"8":0,"9":0,"10":0,"11":0,"12":0,"13":3},"f":{"0":0,"1":0,"2":0,"3":0},"b":{"0":[0,0,0]}}
,"D:\\web\\vue3-json-schema-form\\lib\\theme-default\\index.tsx": {"path":"D:\\web\\vue3-json-schema-form\\lib\\theme-default\\index.tsx","statementMap":{"0":{"start":{"line":1,"column":0},"end":{"line":1,"column":null}},"1":{"start":{"line":2,"column":0},"end":{"line":2,"column":null}},"2":{"start":{"line":3,"column":0},"end":{"line":3,"column":null}},"3":{"start":{"line":5,"column":15},"end":{"line":5,"column":null}}},"fnMap":{},"branchMap":{},"s":{"0":3,"1":3,"2":3,"3":3},"f":{},"b":{}}
,"D:\\web\\vue3-json-schema-form\\tests\\unit\\utils\\TestComponent.tsx": {"path":"D:\\web\\vue3-json-schema-form\\tests\\unit\\utils\\TestComponent.tsx","statementMap":{"0":{"start":{"line":1,"column":0},"end":{"line":1,"column":null}},"1":{"start":{"line":2,"column":0},"end":{"line":2,"column":null}},"2":{"start":{"line":3,"column":0},"end":{"line":3,"column":null}},"3":{"start":{"line":5,"column":36},"end":{"line":5,"column":52}},"4":{"start":{"line":7,"column":8},"end":{"line":7,"column":15}},"5":{"start":{"line":7,"column":15},"end":{"line":7,"column":null}},"6":{"start":{"line":15,"column":15},"end":{"line":15,"column":31}},"7":{"start":{"line":31,"column":8},"end":{"line":31,"column":15}},"8":{"start":{"line":32,"column":12},"end":{"line":32,"column":null}}},"fnMap":{"0":{"name":"(anonymous_0)","decl":{"start":{"line":6,"column":4},"end":{"line":6,"column":9}},"loc":{"start":{"line":6,"column":22},"end":{"line":12,"column":null}}},"1":{"name":"(anonymous_1)","decl":{"start":{"line":7,"column":15},"end":{"line":7,"column":null}},"loc":{"start":{"line":7,"column":15},"end":{"line":7,"column":null}}},"2":{"name":"(anonymous_3)","decl":{"start":{"line":30,"column":4},"end":{"line":30,"column":9}},"loc":{"start":{"line":30,"column":15},"end":{"line":38,"column":null}}},"3":{"name":"(anonymous_4)","decl":{"start":{"line":31,"column":15},"end":{"line":31,"column":20}},"loc":{"start":{"line":31,"column":20},"end":{"line":37,"column":null}}},"4":{"name":"(anonymous_5)","decl":{"start":{"line":32,"column":12},"end":{"line":32,"column":null}},"loc":{"start":{"line":32,"column":12},"end":{"line":32,"column":null}}}},"branchMap":{"0":{"loc":{"start":{"line":9,"column":17},"end":{"line":9,"column":34}},"type":"binary-expr","locations":[{"start":{"line":9,"column":17},"end":{"line":9,"column":34}},{"start":{"line":9,"column":34},"end":{"line":9,"column":39}}]}},"s":{"0":3,"1":3,"2":3,"3":3,"4":8,"5":16,"6":3,"7":8,"8":16},"f":{"0":8,"1":16,"2":8,"3":8,"4":8},"b":{"0":[8,8]}}
}
