TN:
SF:D:\web\vue3-json-schema-form\lib\SchemaForm.tsx
FN:74,(anonymous_0)
FN:75,(anonymous_1)
FN:79,(anonymous_2)
FN:84,(anonymous_3)
FN:92,(anonymous_4)
FN:97,(anonymous_5)
FN:99,(anonymous_6)
FN:107,(anonymous_7)
FN:119,(anonymous_8)
FN:129,(anonymous_9)
FN:138,(anonymous_10)
FN:149,(anonymous_11)
FN:150,(anonymous_12)
FN:158,doValidate
FN:178,(anonymous_14)
FN:179,(anonymous_15)
FN:182,(anonymous_16)
FN:183,(anonymous_17)
FN:196,(anonymous_18)
FNF:19
FNH:10
FNDA:8,(anonymous_0)
FNDA:5,(anonymous_1)
FNDA:0,(anonymous_2)
FNDA:0,(anonymous_3)
FNDA:8,(anonymous_4)
FNDA:0,(anonymous_5)
FNDA:0,(anonymous_6)
FNDA:22,(anonymous_7)
FNDA:8,(anonymous_8)
FNDA:0,(anonymous_9)
FNDA:0,(anonymous_10)
FNDA:10,(anonymous_11)
FNDA:2,(anonymous_12)
FNDA:0,doValidate
FNDA:8,(anonymous_14)
FNDA:8,(anonymous_15)
FNDA:0,(anonymous_16)
FNDA:0,(anonymous_17)
FNDA:8,(anonymous_18)
DA:1,3
DA:12,3
DA:21,3
DA:22,3
DA:23,3
DA:32,3
DA:37,3
DA:75,8
DA:76,5
DA:79,8
DA:80,0
DA:81,0
DA:84,0
DA:85,0
DA:86,0
DA:89,0
DA:92,8
DA:93,8
DA:94,0
DA:97,0
DA:98,0
DA:99,0
DA:100,0
DA:101,0
DA:104,0
DA:107,22
DA:110,8
DA:115,8
DA:116,8
DA:118,8
DA:119,8
DA:120,8
DA:125,8
DA:126,0
DA:129,0
DA:130,0
DA:134,8
DA:135,0
DA:138,0
DA:140,0
DA:145,8
DA:146,8
DA:148,8
DA:149,10
DA:151,2
DA:152,0
DA:159,0
DA:160,0
DA:161,0
DA:169,0
DA:170,0
DA:172,0
DA:173,0
DA:174,0
DA:177,8
DA:178,8
DA:180,8
DA:181,0
DA:183,0
DA:184,0
DA:185,0
DA:196,8
DA:197,8
DA:199,8
LF:64
LH:32
BRDA:80,0,0,0
BRDA:80,0,1,0
BRDA:82,1,0,0
BRDA:82,1,1,0
BRDA:93,2,0,0
BRDA:93,2,1,8
BRDA:95,3,0,0
BRDA:95,3,1,0
BRDA:100,4,0,0
BRDA:100,4,1,0
BRDA:125,5,0,0
BRDA:125,5,1,8
BRDA:127,6,0,0
BRDA:127,6,1,0
BRDA:134,7,0,0
BRDA:134,7,1,8
BRDA:136,8,0,0
BRDA:136,8,1,0
BRDA:151,9,0,0
BRDA:151,9,1,2
BRDA:169,10,0,0
BRDA:169,10,1,0
BRDA:180,11,0,0
BRDA:180,11,1,8
BRDA:202,12,0,8
BRDA:202,12,1,8
BRDA:206,13,0,8
BRDA:206,13,1,0
BRF:28
BRH:8
end_of_record
TN:
SF:D:\web\vue3-json-schema-form\lib\SchemaItem.tsx
FN:14,(anonymous_0)
FN:17,(anonymous_1)
FN:24,(anonymous_2)
FNF:3
FNH:3
FNDA:20,(anonymous_0)
FNDA:22,(anonymous_1)
FNDA:24,(anonymous_2)
DA:1,3
DA:3,3
DA:4,3
DA:5,3
DA:6,3
DA:7,3
DA:8,3
DA:9,3
DA:11,3
DA:15,20
DA:17,20
DA:18,22
DA:19,22
DA:24,20
DA:25,24
DA:26,24
DA:30,24
DA:32,24
DA:34,9
DA:35,9
DA:37,8
DA:38,8
DA:40,4
DA:41,4
DA:43,3
DA:44,3
DA:46,0
DA:48,24
LF:28
LH:27
BRDA:33,0,0,9
BRDA:33,0,1,8
BRDA:33,0,2,4
BRDA:33,0,3,3
BRDA:33,0,4,0
BRF:5
BRH:4
end_of_record
TN:
SF:D:\web\vue3-json-schema-form\lib\context.ts
FN:6,useVJSFContext
FNF:1
FNH:1
FNDA:36,useVJSFContext
DA:1,3
DA:4,3
DA:13,36
DA:15,36
DA:16,0
DA:19,36
LF:6
LH:5
BRDA:15,0,0,0
BRDA:15,0,1,36
BRF:2
BRH:1
end_of_record
TN:
SF:D:\web\vue3-json-schema-form\lib\index.ts
FN:8,(anonymous_4)
FNF:1
FNH:1
FNDA:12,(anonymous_4)
DA:1,3
DA:3,3
DA:4,3
DA:5,3
DA:6,3
DA:8,54
DA:12,3
LF:7
LH:7
BRDA:8,0,0,24
BRDA:8,0,1,48
BRF:2
BRH:2
end_of_record
TN:
SF:D:\web\vue3-json-schema-form\lib\theme.tsx
FN:25,(anonymous_0)
FN:26,(anonymous_1)
FN:29,(anonymous_2)
FN:33,getWidget
FN:53,(anonymous_4)
FNF:5
FNH:5
FNDA:8,(anonymous_0)
FNDA:8,(anonymous_1)
FNDA:8,(anonymous_2)
FNDA:9,getWidget
FNDA:9,(anonymous_4)
DA:1,3
DA:11,3
DA:13,3
DA:15,3
DA:17,3
DA:26,8
DA:27,8
DA:29,8
DA:37,9
DA:38,9
DA:39,0
DA:40,0
DA:41,0
DA:43,0
DA:44,0
DA:45,0
DA:49,9
DA:51,9
DA:53,9
DA:56,3
LF:20
LH:14
BRDA:29,0,0,8
BRDA:29,0,1,8
BRDA:38,1,0,0
BRDA:38,1,1,9
BRDA:40,2,0,0
BRDA:40,2,1,0
BRDA:40,3,0,0
BRDA:40,3,1,0
BRDA:43,4,0,0
BRDA:43,4,1,0
BRDA:44,5,0,0
BRDA:44,5,1,0
BRDA:51,6,0,0
BRDA:51,6,1,9
BRF:14
BRH:4
end_of_record
TN:
SF:D:\web\vue3-json-schema-form\lib\types.ts
FN:5,(anonymous_0)
FNF:1
FNH:1
FNDA:3,(anonymous_0)
DA:5,3
DA:6,3
DA:7,3
DA:8,3
DA:9,3
DA:10,3
DA:11,3
DA:53,3
DA:81,3
DA:99,3
LF:10
LH:10
BRDA:5,0,0,3
BRDA:5,0,1,3
BRF:2
BRH:2
end_of_record
TN:
SF:D:\web\vue3-json-schema-form\lib\utils.ts
FN:9,isObject
FN:13,isEmptyObject
FN:17,hasOwnProperty
FN:30,validateData
FN:40,resolveSchema
FN:49,(anonymous_5)
FN:59,retrieveSchema
FN:99,stubExistingAdditionalProperties
FN:110,(anonymous_8)
FN:151,resolveReference
FN:164,findSchemaDefinition
FN:183,resolveDependencies
FN:208,processDependencies
FN:255,withDependentProperties
FN:265,withDependentSchema
FN:288,(anonymous_15)
FN:302,withExactlyOneSubschema
FN:309,(anonymous_17)
FN:353,mergeSchemas
FN:355,(anonymous_19)
FN:388,getSchemaType
FN:405,(anonymous_21)
FN:437,guessType
FN:455,isConstant
FN:462,isSelect
FN:468,(anonymous_25)
FN:473,isMultiSelect
FN:481,getMatchingOption
FN:500,(anonymous_28)
FN:540,mergeDefaultsWithFormData
FN:545,(anonymous_30)
FN:553,(anonymous_31)
FNF:32
FNH:4
FNDA:32,isObject
FNDA:0,isEmptyObject
FNDA:66,hasOwnProperty
FNDA:0,validateData
FNDA:22,resolveSchema
FNDA:0,(anonymous_5)
FNDA:22,retrieveSchema
FNDA:0,stubExistingAdditionalProperties
FNDA:0,(anonymous_8)
FNDA:0,resolveReference
FNDA:0,findSchemaDefinition
FNDA:0,resolveDependencies
FNDA:0,processDependencies
FNDA:0,withDependentProperties
FNDA:0,withDependentSchema
FNDA:0,(anonymous_15)
FNDA:0,withExactlyOneSubschema
FNDA:0,(anonymous_17)
FNDA:0,mergeSchemas
FNDA:0,(anonymous_19)
FNDA:0,getSchemaType
FNDA:0,(anonymous_21)
FNDA:0,guessType
FNDA:0,isConstant
FNDA:0,isSelect
FNDA:0,(anonymous_25)
FNDA:0,isMultiSelect
FNDA:0,getMatchingOption
FNDA:0,(anonymous_28)
FNDA:0,mergeDefaultsWithFormData
FNDA:0,(anonymous_30)
FNDA:0,(anonymous_31)
DA:1,3
DA:5,3
DA:6,3
DA:7,3
DA:10,32
DA:14,0
DA:22,66
DA:29,3
DA:31,0
DA:32,0
DA:41,22
DA:42,0
DA:43,22
DA:44,0
DA:45,0
DA:46,22
DA:47,0
DA:50,0
DA:55,22
DA:64,22
DA:65,0
DA:67,22
DA:70,22
DA:71,0
DA:72,0
DA:78,0
DA:79,0
DA:80,0
DA:84,22
DA:86,22
DA:88,0
DA:94,22
DA:97,3
DA:105,0
DA:110,0
DA:111,0
DA:113,0
DA:117,0
DA:118,0
DA:123,0
DA:124,0
DA:126,0
DA:130,0
DA:132,0
DA:135,0
DA:153,0
DA:155,0
DA:157,0
DA:165,0
DA:166,0
DA:168,0
DA:170,0
DA:172,0
DA:173,0
DA:174,0
DA:176,0
DA:178,0
DA:180,0
DA:189,0
DA:190,0
DA:191,0
DA:195,0
DA:196,0
DA:201,0
DA:215,0
DA:217,0
DA:218,0
DA:221,0
DA:225,0
DA:230,0
DA:231,0
DA:232,0
DA:236,0
DA:237,0
DA:245,0
DA:252,0
DA:256,0
DA:257,0
DA:259,0
DA:262,0
DA:273,0
DA:278,0
DA:280,0
DA:281,0
DA:282,0
DA:283,0
DA:288,0
DA:289,0
DA:293,0
DA:309,0
DA:310,0
DA:311,0
DA:315,0
DA:316,0
DA:317,0
DA:324,0
DA:325,0
DA:328,0
DA:329,0
DA:332,0
DA:335,0
DA:339,0
DA:340,0
DA:341,0
DA:354,0
DA:355,0
DA:356,0
DA:357,0
DA:358,0
DA:359,0
DA:360,0
DA:371,0
DA:373,0
DA:375,0
DA:389,0
DA:391,0
DA:392,0
DA:395,0
DA:396,0
DA:399,0
DA:400,0
DA:403,0
DA:404,0
DA:405,0
DA:408,0
DA:437,3
DA:438,0
DA:439,0
DA:440,0
DA:441,0
DA:442,0
DA:443,0
DA:444,0
DA:445,0
DA:446,0
DA:447,0
DA:448,0
DA:449,0
DA:452,0
DA:456,0
DA:463,0
DA:464,0
DA:465,0
DA:466,0
DA:467,0
DA:468,0
DA:470,0
DA:474,0
DA:475,0
DA:477,0
DA:486,0
DA:487,0
DA:496,0
DA:499,0
DA:500,0
DA:508,0
DA:510,0
DA:512,0
DA:513,0
DA:516,0
DA:519,0
DA:521,0
DA:523,0
DA:528,0
DA:530,0
DA:531,0
DA:533,0
DA:534,0
DA:537,0
DA:541,0
DA:542,0
DA:543,0
DA:545,0
DA:546,0
DA:547,0
DA:549,0
DA:551,0
DA:552,0
DA:553,0
DA:554,0
DA:558,0
DA:561,0
DA:571,0
DA:572,0
DA:575,0
DA:584,0
DA:586,0
DA:588,0
DA:589,0
DA:591,0
DA:592,0
DA:594,0
LF:192
LH:19
BRDA:10,0,0,32
BRDA:10,0,1,30
BRDA:10,0,2,30
BRDA:14,1,0,0
BRDA:14,1,1,0
BRDA:40,2,0,0
BRDA:40,3,0,0
BRDA:41,4,0,0
BRDA:41,4,1,22
BRDA:43,5,0,0
BRDA:43,5,1,22
BRDA:46,6,0,0
BRDA:46,6,1,22
BRDA:46,7,0,22
BRDA:46,7,1,0
BRDA:61,8,0,0
BRDA:62,9,0,10
BRDA:64,10,0,0
BRDA:64,10,1,22
BRDA:70,11,0,0
BRDA:70,11,1,22
BRDA:84,12,0,22
BRDA:84,12,1,0
BRDA:86,13,0,0
BRDA:86,13,1,22
BRDA:101,14,0,0
BRDA:102,15,0,0
BRDA:111,16,0,0
BRDA:111,16,1,0
BRDA:117,17,0,0
BRDA:117,17,1,0
BRDA:123,18,0,0
BRDA:123,18,1,0
BRDA:164,19,0,0
BRDA:166,20,0,0
BRDA:166,20,1,0
BRDA:173,21,0,0
BRDA:173,21,1,0
BRDA:176,22,0,0
BRDA:176,22,1,0
BRDA:189,23,0,0
BRDA:190,24,0,0
BRDA:190,24,1,0
BRDA:195,25,0,0
BRDA:195,25,1,0
BRDA:217,26,0,0
BRDA:217,26,1,0
BRDA:221,27,0,0
BRDA:221,27,1,0
BRDA:222,28,0,0
BRDA:222,28,1,0
BRDA:231,29,0,0
BRDA:231,29,1,0
BRDA:236,30,0,0
BRDA:236,30,1,0
BRDA:256,31,0,0
BRDA:256,31,1,0
BRDA:260,32,0,0
BRDA:260,32,1,0
BRDA:280,33,0,0
BRDA:280,33,1,0
BRDA:282,34,0,0
BRDA:282,34,1,0
BRDA:290,35,0,0
BRDA:290,35,1,0
BRDA:310,36,0,0
BRDA:310,36,1,0
BRDA:316,37,0,0
BRDA:316,37,1,0
BRDA:325,38,0,0
BRDA:325,38,1,0
BRDA:328,39,0,0
BRDA:328,39,1,0
BRDA:356,40,0,0
BRDA:356,40,1,0
BRDA:358,41,0,0
BRDA:358,41,1,0
BRDA:358,42,0,0
BRDA:358,42,1,0
BRDA:358,42,2,0
BRDA:360,43,0,0
BRDA:360,43,1,0
BRDA:361,44,0,0
BRDA:361,44,1,0
BRDA:361,44,2,0
BRDA:361,44,3,0
BRDA:361,44,4,0
BRDA:361,44,5,0
BRDA:361,44,6,0
BRDA:391,45,0,0
BRDA:391,45,1,0
BRDA:391,46,0,0
BRDA:391,46,1,0
BRDA:395,47,0,0
BRDA:395,47,1,0
BRDA:395,48,0,0
BRDA:395,48,1,0
BRDA:399,49,0,0
BRDA:399,49,1,0
BRDA:399,50,0,0
BRDA:399,50,1,0
BRDA:399,50,2,0
BRDA:404,51,0,0
BRDA:404,51,1,0
BRDA:404,52,0,0
BRDA:404,52,1,0
BRDA:404,52,2,0
BRDA:438,53,0,0
BRDA:438,53,1,0
BRDA:440,54,0,0
BRDA:440,54,1,0
BRDA:442,55,0,0
BRDA:442,55,1,0
BRDA:444,56,0,0
BRDA:444,56,1,0
BRDA:446,57,0,0
BRDA:446,57,1,0
BRDA:448,58,0,0
BRDA:448,58,1,0
BRDA:457,59,0,0
BRDA:457,59,1,0
BRDA:457,59,2,0
BRDA:462,60,0,0
BRDA:464,61,0,0
BRDA:464,61,1,0
BRDA:465,62,0,0
BRDA:465,62,1,0
BRDA:467,63,0,0
BRDA:467,63,1,0
BRDA:473,64,0,0
BRDA:474,65,0,0
BRDA:474,65,1,0
BRDA:474,66,0,0
BRDA:474,66,1,0
BRDA:496,67,0,0
BRDA:496,67,1,0
BRDA:508,68,0,0
BRDA:508,68,1,0
BRDA:512,69,0,0
BRDA:512,69,1,0
BRDA:530,70,0,0
BRDA:530,70,1,0
BRDA:533,71,0,0
BRDA:533,71,1,0
BRDA:541,72,0,0
BRDA:541,72,1,0
BRDA:542,73,0,0
BRDA:542,73,1,0
BRDA:546,74,0,0
BRDA:546,74,1,0
BRDA:551,75,0,0
BRDA:551,75,1,0
BRDA:555,76,0,0
BRDA:555,76,1,0
BRDA:571,77,0,0
BRDA:571,77,1,0
BRDA:584,78,0,0
BRDA:584,78,1,0
BRDA:588,79,0,0
BRDA:588,79,1,0
BRDA:588,80,0,0
BRDA:588,80,1,0
BRDA:591,81,0,0
BRDA:591,81,1,0
BRDA:591,82,0,0
BRDA:591,82,1,0
BRDA:591,82,2,0
BRDA:594,83,0,0
BRDA:594,83,1,0
BRF:169
BRH:12
end_of_record
TN:
SF:D:\web\vue3-json-schema-form\lib\validator.ts
FN:34,toErrorSchema
FN:37,(anonymous_1)
FN:82,transformErrors
FN:94,(anonymous_3)
FN:105,validateFormData
FN:153,createErrorProxy
FN:156,(anonymous_6)
FN:158,(anonymous_7)
FN:179,mergetObjects
FN:182,(anonymous_9)
FN:200,toErrorList
FN:205,(anonymous_11)
FN:212,(anonymous_12)
FNF:13
FNH:0
FNDA:0,toErrorSchema
FNDA:0,(anonymous_1)
FNDA:0,transformErrors
FNDA:0,(anonymous_3)
FNDA:0,validateFormData
FNDA:0,createErrorProxy
FNDA:0,(anonymous_6)
FNDA:0,(anonymous_7)
FNDA:0,mergetObjects
FNDA:0,(anonymous_9)
FNDA:0,toErrorList
FNDA:0,(anonymous_11)
FNDA:0,(anonymous_12)
DA:4,3
DA:7,3
DA:35,0
DA:37,0
DA:38,0
DA:43,0
DA:44,0
DA:48,0
DA:49,0
DA:58,0
DA:59,0
DA:60,0
DA:62,0
DA:70,0
DA:71,0
DA:73,0
DA:74,0
DA:78,0
DA:85,0
DA:94,0
DA:95,0
DA:112,0
DA:113,0
DA:114,0
DA:116,0
DA:119,0
DA:120,0
DA:122,0
DA:123,0
DA:131,0
DA:133,0
DA:134,0
DA:141,0
DA:142,0
DA:143,0
DA:144,0
DA:146,0
DA:154,0
DA:155,0
DA:157,0
DA:158,0
DA:159,0
DA:160,0
DA:161,0
DA:163,0
DA:168,0
DA:169,0
DA:170,0
DA:171,0
DA:172,0
DA:174,0
DA:181,0
DA:182,0
DA:183,0
DA:184,0
DA:185,0
DA:186,0
DA:187,0
DA:192,0
DA:194,0
DA:196,0
DA:202,0
DA:203,0
DA:204,0
DA:206,0
DA:212,0
DA:213,0
DA:214,0
DA:216,0
LF:69
LH:2
BRDA:35,0,0,0
BRDA:35,0,1,0
BRDA:38,1,0,0
BRDA:48,2,0,0
BRDA:48,2,1,0
BRDA:48,3,0,0
BRDA:48,3,1,0
BRDA:59,4,0,0
BRDA:59,4,1,0
BRDA:70,5,0,0
BRDA:70,5,1,0
BRDA:71,6,0,0
BRDA:71,6,1,0
BRDA:73,7,0,0
BRDA:73,7,1,0
BRDA:85,8,0,0
BRDA:85,8,1,0
BRDA:85,9,0,0
BRDA:85,9,1,0
BRDA:109,10,0,0
BRDA:122,11,0,0
BRDA:122,11,1,0
BRDA:133,12,0,0
BRDA:133,12,1,0
BRDA:157,13,0,0
BRDA:157,13,1,0
BRDA:160,14,0,0
BRDA:160,14,1,0
BRDA:160,15,0,0
BRDA:160,15,1,0
BRDA:169,16,0,0
BRDA:169,16,1,0
BRDA:179,17,0,0
BRDA:183,18,0,0
BRDA:183,18,1,0
BRDA:185,19,0,0
BRDA:185,19,1,0
BRDA:185,20,0,0
BRDA:185,20,1,0
BRDA:185,20,2,0
BRDA:187,21,0,0
BRDA:187,21,1,0
BRDA:188,22,0,0
BRDA:188,22,1,0
BRDA:188,22,2,0
BRDA:200,23,0,0
BRDA:203,24,0,0
BRDA:203,24,1,0
BRDA:205,25,0,0
BRDA:205,25,1,0
BRDA:213,26,0,0
BRDA:213,26,1,0
BRF:52
BRH:0
end_of_record
TN:
SF:D:\web\vue3-json-schema-form\lib\fields\ArrayField.tsx
FN:51,(anonymous_0)
FN:53,(anonymous_1)
FN:54,(anonymous_2)
FN:55,(anonymous_3)
FN:56,(anonymous_4)
FN:58,(anonymous_5)
FN:107,(anonymous_6)
FN:110,(anonymous_7)
FN:117,(anonymous_8)
FN:124,(anonymous_9)
FN:131,(anonymous_10)
FN:139,(anonymous_11)
FN:151,(anonymous_12)
FN:162,(anonymous_13)
FN:173,(anonymous_14)
FN:185,(anonymous_15)
FN:186,(anonymous_16)
FN:199,(anonymous_17)
FN:211,(anonymous_18)
FNF:19
FNH:4
FNDA:0,(anonymous_0)
FNDA:0,(anonymous_1)
FNDA:0,(anonymous_2)
FNDA:0,(anonymous_3)
FNDA:0,(anonymous_4)
FNDA:0,(anonymous_5)
FNDA:3,(anonymous_6)
FNDA:0,(anonymous_7)
FNDA:0,(anonymous_8)
FNDA:0,(anonymous_9)
FNDA:0,(anonymous_10)
FNDA:0,(anonymous_11)
FNDA:3,(anonymous_12)
FNDA:4,(anonymous_13)
FNDA:0,(anonymous_14)
FNDA:0,(anonymous_15)
FNDA:0,(anonymous_16)
FNDA:0,(anonymous_17)
FNDA:3,(anonymous_18)
DA:1,3
DA:2,3
DA:4,3
DA:5,3
DA:6,3
DA:8,3
DA:27,3
DA:52,0
DA:53,0
DA:54,0
DA:55,0
DA:56,0
DA:58,0
DA:59,0
DA:60,0
DA:104,3
DA:108,3
DA:110,3
DA:111,0
DA:112,0
DA:113,0
DA:114,0
DA:117,3
DA:118,0
DA:119,0
DA:120,0
DA:121,0
DA:124,3
DA:125,0
DA:126,0
DA:127,0
DA:128,0
DA:131,3
DA:132,0
DA:133,0
DA:134,0
DA:135,0
DA:136,0
DA:139,3
DA:140,0
DA:141,0
DA:143,0
DA:145,0
DA:146,0
DA:147,0
DA:150,3
DA:151,3
DA:152,3
DA:153,3
DA:154,3
DA:155,3
DA:157,3
DA:159,3
DA:160,2
DA:161,2
DA:162,2
DA:163,4
DA:164,4
DA:167,4
DA:174,0
DA:181,1
DA:183,0
DA:185,0
DA:186,0
DA:200,0
DA:210,1
DA:211,3
DA:215,1
LF:68
LH:32
BRDA:77,0,0,0
BRDA:77,0,1,0
BRDA:112,1,0,0
BRDA:112,1,1,0
BRDA:119,2,0,0
BRDA:119,2,1,0
BRDA:126,3,0,0
BRDA:126,3,1,0
BRDA:133,4,0,0
BRDA:133,4,1,0
BRDA:141,5,0,0
BRDA:141,5,1,0
BRDA:143,6,0,0
BRDA:143,6,1,0
BRDA:157,7,0,3
BRDA:157,7,1,3
BRDA:159,8,0,2
BRDA:159,8,1,1
BRDA:161,9,0,2
BRDA:161,9,1,0
BRDA:165,10,0,0
BRDA:165,10,1,4
BRDA:165,11,0,0
BRDA:165,11,1,0
BRDA:166,12,0,4
BRDA:166,12,1,4
BRDA:176,13,0,4
BRDA:176,13,1,4
BRDA:181,14,0,0
BRDA:181,14,1,1
BRDA:183,15,0,0
BRDA:183,15,1,0
BRDA:196,16,0,0
BRDA:196,16,1,0
BRDA:203,17,0,0
BRDA:203,17,1,0
BRF:36
BRH:11
end_of_record
TN:
SF:D:\web\vue3-json-schema-form\lib\fields\NumberField.tsx
FN:8,(anonymous_0)
FN:9,(anonymous_1)
FN:15,(anonymous_2)
FNF:3
FNH:3
FNDA:6,(anonymous_0)
FNDA:1,(anonymous_1)
FNDA:8,(anonymous_2)
DA:1,3
DA:2,3
DA:3,3
DA:5,3
DA:9,6
DA:10,1
DA:13,6
DA:15,6
DA:16,8
DA:17,8
DA:18,8
LF:11
LH:11
BRF:0
BRH:0
end_of_record
TN:
SF:D:\web\vue3-json-schema-form\lib\fields\ObjectField.tsx
FN:10,(anonymous_0)
FN:13,(anonymous_1)
FN:25,(anonymous_2)
FN:31,(anonymous_3)
FN:38,(anonymous_4)
FNF:5
FNH:5
FNDA:4,(anonymous_0)
FNDA:4,(anonymous_1)
FNDA:6,(anonymous_2)
FNDA:12,(anonymous_3)
FNDA:4,(anonymous_4)
DA:1,3
DA:3,3
DA:4,3
DA:5,3
DA:7,3
DA:11,4
DA:13,4
DA:14,4
DA:15,4
DA:16,4
DA:17,1
DA:19,3
DA:22,4
DA:25,4
DA:26,6
DA:27,6
DA:28,6
DA:29,6
DA:31,6
DA:32,12
DA:38,4
LF:21
LH:21
BRDA:14,0,0,3
BRDA:14,0,1,1
BRDA:16,1,0,1
BRDA:16,1,1,3
BRDA:28,2,0,6
BRDA:28,2,1,0
BRDA:29,3,0,5
BRDA:29,3,1,1
BRDA:39,4,0,12
BRDA:39,4,1,12
BRDA:42,5,0,0
BRDA:42,5,1,12
BRDA:42,6,0,0
BRDA:42,6,1,0
BRF:14
BRH:10
end_of_record
TN:
SF:D:\web\vue3-json-schema-form\lib\fields\StringField.tsx
FN:7,(anonymous_0)
FN:8,(anonymous_1)
FN:16,(anonymous_2)
FNF:3
FNH:2
FNDA:7,(anonymous_0)
FNDA:0,(anonymous_1)
FNDA:9,(anonymous_2)
DA:1,3
DA:2,3
DA:4,3
DA:8,7
DA:9,0
DA:16,7
DA:17,9
DA:18,9
LF:8
LH:7
BRF:0
BRH:0
end_of_record
TN:
SF:D:\web\vue3-json-schema-form\lib\theme-default\FormItem.tsx
FN:24,(anonymous_0)
FN:27,(anonymous_1)
FN:36,(anonymous_2)
FN:49,withFormItem
FN:53,(anonymous_4)
FN:54,(anonymous_5)
FN:55,(anonymous_6)
FNF:7
FNH:6
FNDA:7,(anonymous_0)
FNDA:8,(anonymous_1)
FNDA:0,(anonymous_2)
FNDA:9,withFormItem
FNDA:7,(anonymous_4)
FNDA:8,(anonymous_5)
FNDA:8,(anonymous_6)
DA:1,3
DA:2,3
DA:4,3
DA:6,3
DA:21,3
DA:25,7
DA:27,7
DA:28,8
DA:29,8
DA:31,8
DA:36,0
DA:46,3
DA:50,9
DA:54,7
DA:55,16
LF:15
LH:14
BRDA:34,0,0,8
BRDA:34,0,1,8
BRF:2
BRH:2
end_of_record
TN:
SF:D:\web\vue3-json-schema-form\lib\theme-default\NumberWidget.tsx
FN:9,(anonymous_0)
FN:10,(anonymous_1)
FN:19,(anonymous_2)
FNF:3
FNH:3
FNDA:6,(anonymous_0)
FNDA:1,(anonymous_1)
FNDA:7,(anonymous_2)
DA:1,3
DA:2,3
DA:3,3
DA:5,3
DA:10,6
DA:11,1
DA:12,1
DA:13,1
DA:14,1
DA:19,6
DA:20,7
DA:21,7
DA:33,3
LF:13
LH:13
BRDA:15,0,0,0
BRDA:15,0,1,1
BRF:2
BRH:1
end_of_record
TN:
SF:D:\web\vue3-json-schema-form\lib\theme-default\SelectionWidget.tsx
FN:9,(anonymous_0)
FN:12,(anonymous_1)
FN:17,(anonymous_2)
FN:18,(anonymous_3)
FN:23,(anonymous_4)
FN:25,(anonymous_5)
FN:27,(anonymous_6)
FNF:7
FNH:4
FNDA:1,(anonymous_0)
FNDA:0,(anonymous_1)
FNDA:1,(anonymous_2)
FNDA:0,(anonymous_3)
FNDA:1,(anonymous_4)
FNDA:0,(anonymous_5)
FNDA:3,(anonymous_6)
DA:1,3
DA:2,3
DA:3,3
DA:5,3
DA:10,1
DA:12,1
DA:13,0
DA:16,1
DA:17,1
DA:19,0
DA:23,1
DA:24,1
DA:25,1
DA:26,0
DA:28,3
DA:37,3
LF:16
LH:13
BRDA:10,0,0,1
BRDA:10,0,1,0
BRDA:13,1,0,0
BRDA:13,1,1,0
BRDA:19,2,0,0
BRDA:19,2,1,0
BRF:6
BRH:1
end_of_record
TN:
SF:D:\web\vue3-json-schema-form\lib\theme-default\TextWidget.tsx
FN:9,(anonymous_0)
FN:10,(anonymous_1)
FN:16,(anonymous_2)
FN:22,(anonymous_3)
FNF:4
FNH:0
FNDA:0,(anonymous_0)
FNDA:0,(anonymous_1)
FNDA:0,(anonymous_2)
FNDA:0,(anonymous_3)
DA:1,3
DA:2,3
DA:3,3
DA:5,3
DA:10,0
DA:11,0
DA:12,0
DA:13,0
DA:16,0
DA:17,0
DA:22,0
DA:23,0
DA:24,0
DA:37,3
LF:14
LH:5
BRDA:18,0,0,0
BRDA:18,0,1,0
BRDA:18,0,2,0
BRF:3
BRH:0
end_of_record
TN:
SF:D:\web\vue3-json-schema-form\lib\theme-default\index.tsx
FNF:0
FNH:0
DA:1,3
DA:2,3
DA:3,3
DA:5,3
LF:4
LH:4
BRF:0
BRH:0
end_of_record
TN:
SF:D:\web\vue3-json-schema-form\tests\unit\utils\TestComponent.tsx
FN:6,(anonymous_0)
FN:7,(anonymous_1)
FN:30,(anonymous_3)
FN:31,(anonymous_4)
FN:32,(anonymous_5)
FNF:5
FNH:5
FNDA:8,(anonymous_0)
FNDA:16,(anonymous_1)
FNDA:8,(anonymous_3)
FNDA:8,(anonymous_4)
FNDA:8,(anonymous_5)
DA:1,3
DA:2,3
DA:3,3
DA:5,3
DA:7,16
DA:15,3
DA:31,8
DA:32,16
LF:8
LH:8
BRDA:9,0,0,8
BRDA:9,0,1,8
BRF:2
BRH:2
end_of_record
